<?xml version="1.0" encoding="utf-8"?>
<log version="1.0" tool="runtool">

<msg id="1" tool="runtool">
  <type>log-start</type>
  <arg>2020/11/25 09:04:56</arg>
</msg>
<msg id="2" tool="runtool">
  <type>collector-starts</type>
</msg>
<msg id="3" tool="runtool">
  <type>marker-file</type>
  <arg>/home/postgrad/dalel487/Code/su2hybridcode/production/rank.0/mp003/mp003.advixe</arg>
</msg>
<msg id="4" tool="tc">
  <type>START</type>
  <severity>INFO</severity>
  <timestamp>Wed Nov 25 09:04:58 2020</timestamp>
</msg>
<msg id="5" tool="tc">
  <type>EXEC_OF_INTEREST</type>
  <arg>/home/postgrad/dalel487/Code/su2hybridcode/production/su2hmc.exe</arg>
  <arg>42785</arg>
  <severity>INFO</severity>
  <timestamp>Wed Nov 25 09:04:58 2020</timestamp>
</msg>
<msg id="6" tool="tc">
  <type>LOAD_MODULE</type>
  <arg>/home/postgrad/dalel487/Code/su2hybridcode/production/su2hmc.exe</arg>
  <arg>0x400000</arg>
  <arg>0x6711c67</arg>
  <arg>1</arg>
  <severity>INFO</severity>
  <timestamp>Wed Nov 25 09:04:58 2020</timestamp>
</msg>
<msg id="7" tool="tc">
  <type>LOAD_MODULE</type>
  <arg>/lib64/ld-linux-x86-64.so.2</arg>
  <arg>0x7f80eb785000</arg>
  <arg>0x7f80eb7b418f</arg>
  <arg>2</arg>
  <severity>INFO</severity>
  <timestamp>Wed Nov 25 09:04:58 2020</timestamp>
</msg>
<msg id="8" tool="tc">
  <type>LOAD_MODULE</type>
  <arg>[vdso]</arg>
  <arg>0x7ffee35b2000</arg>
  <arg>0x7ffee35b2a3b</arg>
  <arg>3</arg>
  <severity>INFO</severity>
  <timestamp>Wed Nov 25 09:04:58 2020</timestamp>
</msg>
<msg id="9" tool="tc">
  <type>LOAD_MODULE</type>
  <arg>/opt/intel/compilers_and_libraries_2020.4.304/linux/mkl/lib/intel64_lin/libmkl_intel_lp64.so</arg>
  <arg>0x7f80d4fea000</arg>
  <arg>0x7f80d5d09c7f</arg>
  <arg>4</arg>
  <severity>INFO</severity>
  <timestamp>Wed Nov 25 09:04:58 2020</timestamp>
</msg>
<msg id="10" tool="tc">
  <type>LOAD_MODULE</type>
  <arg>/opt/intel/compilers_and_libraries_2020.4.304/linux/mkl/lib/intel64_lin/libmkl_intel_thread.so</arg>
  <arg>0x7f80d16a3000</arg>
  <arg>0x7f80d4f8da47</arg>
  <arg>5</arg>
  <severity>INFO</severity>
  <timestamp>Wed Nov 25 09:04:58 2020</timestamp>
</msg>
<msg id="11" tool="tc">
  <type>LOAD_MODULE</type>
  <arg>/opt/intel/compilers_and_libraries_2020.4.304/linux/mkl/lib/intel64_lin/libmkl_core.so</arg>
  <arg>0x7f80cd050000</arg>
  <arg>0x7f80d16909cf</arg>
  <arg>6</arg>
  <severity>INFO</severity>
  <timestamp>Wed Nov 25 09:04:58 2020</timestamp>
</msg>
<msg id="12" tool="tc">
  <type>LOAD_MODULE</type>
  <arg>/opt/intel/compilers_and_libraries_2020.4.304/linux/compiler/lib/intel64_lin/libiomp5.so</arg>
  <arg>0x7f80ccc12000</arg>
  <arg>0x7f80cd0171ff</arg>
  <arg>7</arg>
  <severity>INFO</severity>
  <timestamp>Wed Nov 25 09:04:58 2020</timestamp>
</msg>
<msg id="13" tool="tc">
  <type>LOAD_MODULE</type>
  <arg>/opt/intel/compilers_and_libraries_2020.4.304/linux/mpi/intel64/lib/libmpifort.so.12</arg>
  <arg>0x7f80cc827000</arg>
  <arg>0x7f80ccbe4817</arg>
  <arg>8</arg>
  <severity>INFO</severity>
  <timestamp>Wed Nov 25 09:04:59 2020</timestamp>
</msg>
<msg id="14" tool="tc">
  <type>LOAD_MODULE</type>
  <arg>/opt/intel/compilers_and_libraries_2020.4.304/linux/mpi/intel64/lib/release/libmpi.so.12</arg>
  <arg>0x7f80cb4c7000</arg>
  <arg>0x7f80cc826217</arg>
  <arg>9</arg>
  <severity>INFO</severity>
  <timestamp>Wed Nov 25 09:04:59 2020</timestamp>
</msg>
<msg id="15" tool="tc">
  <type>LOAD_MODULE</type>
  <arg>/lib/x86_64-linux-gnu/libdl.so.2</arg>
  <arg>0x7f80cb48b000</arg>
  <arg>0x7f80cb49010f</arg>
  <arg>10</arg>
  <severity>INFO</severity>
  <timestamp>Wed Nov 25 09:04:59 2020</timestamp>
</msg>
<msg id="16" tool="tc">
  <type>LOAD_MODULE</type>
  <arg>/lib/x86_64-linux-gnu/librt.so.1</arg>
  <arg>0x7f80cb47c000</arg>
  <arg>0x7f80cb486bdf</arg>
  <arg>11</arg>
  <severity>INFO</severity>
  <timestamp>Wed Nov 25 09:04:59 2020</timestamp>
</msg>
<msg id="17" tool="tc">
  <type>LOAD_MODULE</type>
  <arg>/lib/x86_64-linux-gnu/libpthread.so.0</arg>
  <arg>0x7f80cb459000</arg>
  <arg>0x7f80cb47b477</arg>
  <arg>12</arg>
  <severity>INFO</severity>
  <timestamp>Wed Nov 25 09:04:59 2020</timestamp>
</msg>
<msg id="18" tool="tc">
  <type>LOAD_MODULE</type>
  <arg>/lib/x86_64-linux-gnu/libm.so.6</arg>
  <arg>0x7f80cb30a000</arg>
  <arg>0x7f80cb45810f</arg>
  <arg>13</arg>
  <severity>INFO</severity>
  <timestamp>Wed Nov 25 09:04:59 2020</timestamp>
</msg>
<msg id="19" tool="tc">
  <type>LOAD_MODULE</type>
  <arg>/lib/x86_64-linux-gnu/libc.so.6</arg>
  <arg>0x7f80cb118000</arg>
  <arg>0x7f80cb3094d7</arg>
  <arg>14</arg>
  <severity>INFO</severity>
  <timestamp>Wed Nov 25 09:04:59 2020</timestamp>
</msg>
<msg id="20" tool="tc">
  <type>LOAD_MODULE</type>
  <arg>/lib/x86_64-linux-gnu/libgcc_s.so.1</arg>
  <arg>0x7f80cb0fd000</arg>
  <arg>0x7f80cb117447</arg>
  <arg>15</arg>
  <severity>INFO</severity>
  <timestamp>Wed Nov 25 09:04:59 2020</timestamp>
</msg>
<msg id="21" tool="tc">
  <type>LOAD_MODULE</type>
  <arg>/opt/intel/compilers_and_libraries_2020.4.304/linux/mpi/intel64/libfabric/lib/libfabric.so.1</arg>
  <arg>0x7f80cae97000</arg>
  <arg>0x7f80cb0d8777</arg>
  <arg>16</arg>
  <severity>INFO</severity>
  <timestamp>Wed Nov 25 09:04:59 2020</timestamp>
</msg>
<msg id="22" tool="tc">
  <type>LOAD_MODULE</type>
  <arg>/usr/lib/x86_64-linux-gnu/libnuma.so</arg>
  <arg>0x7f80bf52f000</arg>
  <arg>0x7f80bf53b79f</arg>
  <arg>17</arg>
  <severity>INFO</severity>
  <timestamp>Wed Nov 25 09:05:03 2020</timestamp>
</msg>
<msg id="23" tool="tc">
  <type>LOAD_MODULE</type>
  <arg>/opt/intel/compilers_and_libraries_2020.4.304/linux/mpi/intel64/libfabric/lib/prov/librxm-fi.so</arg>
  <arg>0x7f80bed13000</arg>
  <arg>0x7f80bef60b57</arg>
  <arg>18</arg>
  <severity>INFO</severity>
  <timestamp>Wed Nov 25 09:05:03 2020</timestamp>
</msg>
<msg id="24" tool="tc">
  <type>LOAD_MODULE</type>
  <arg>/opt/intel/compilers_and_libraries_2020.4.304/linux/mpi/intel64/libfabric/lib/prov/libefa-fi.so</arg>
  <arg>0x7f80be970000</arg>
  <arg>0x7f80bebcae57</arg>
  <arg>19</arg>
  <severity>INFO</severity>
  <timestamp>Wed Nov 25 09:05:04 2020</timestamp>
</msg>
<msg id="25" tool="tc">
  <type>LOAD_MODULE</type>
  <arg>/usr/lib/x86_64-linux-gnu/libefa.so.1</arg>
  <arg>0x7f80be93e000</arg>
  <arg>0x7f80be94700f</arg>
  <arg>20</arg>
  <severity>INFO</severity>
  <timestamp>Wed Nov 25 09:05:04 2020</timestamp>
</msg>
<msg id="26" tool="tc">
  <type>LOAD_MODULE</type>
  <arg>/usr/lib/x86_64-linux-gnu/libibverbs.so.1</arg>
  <arg>0x7f80be91f000</arg>
  <arg>0x7f80be93d31f</arg>
  <arg>21</arg>
  <severity>INFO</severity>
  <timestamp>Wed Nov 25 09:05:04 2020</timestamp>
</msg>
<msg id="27" tool="tc">
  <type>LOAD_MODULE</type>
  <arg>/usr/lib/x86_64-linux-gnu/libnl-route-3.so.200</arg>
  <arg>0x7f80be8a6000</arg>
  <arg>0x7f80be91d43f</arg>
  <arg>22</arg>
  <severity>INFO</severity>
  <timestamp>Wed Nov 25 09:05:04 2020</timestamp>
</msg>
<msg id="28" tool="tc">
  <type>LOAD_MODULE</type>
  <arg>/lib/x86_64-linux-gnu/libnl-3.so.200</arg>
  <arg>0x7f80be883000</arg>
  <arg>0x7f80be8a544f</arg>
  <arg>23</arg>
  <severity>INFO</severity>
  <timestamp>Wed Nov 25 09:05:04 2020</timestamp>
</msg>
<msg id="29" tool="tc">
  <type>UNLOAD_MODULE</type>
  <arg>/opt/intel/compilers_and_libraries_2020.4.304/linux/mpi/intel64/libfabric/lib/prov/libefa-fi.so</arg>
  <arg>19</arg>
  <severity>INFO</severity>
  <timestamp>Wed Nov 25 09:05:04 2020</timestamp>
</msg>
<msg id="30" tool="tc">
  <type>UNLOAD_MODULE</type>
  <arg>/usr/lib/x86_64-linux-gnu/libefa.so.1</arg>
  <arg>20</arg>
  <severity>INFO</severity>
  <timestamp>Wed Nov 25 09:05:04 2020</timestamp>
</msg>
<msg id="31" tool="tc">
  <type>UNLOAD_MODULE</type>
  <arg>/usr/lib/x86_64-linux-gnu/libibverbs.so.1</arg>
  <arg>21</arg>
  <severity>INFO</severity>
  <timestamp>Wed Nov 25 09:05:04 2020</timestamp>
</msg>
<msg id="32" tool="tc">
  <type>UNLOAD_MODULE</type>
  <arg>/usr/lib/x86_64-linux-gnu/libnl-route-3.so.200</arg>
  <arg>22</arg>
  <severity>INFO</severity>
  <timestamp>Wed Nov 25 09:05:04 2020</timestamp>
</msg>
<msg id="33" tool="tc">
  <type>UNLOAD_MODULE</type>
  <arg>/lib/x86_64-linux-gnu/libnl-3.so.200</arg>
  <arg>23</arg>
  <severity>INFO</severity>
  <timestamp>Wed Nov 25 09:05:04 2020</timestamp>
</msg>
<msg id="34" tool="tc">
  <type>LOAD_MODULE</type>
  <arg>/opt/intel/compilers_and_libraries_2020.4.304/linux/mpi/intel64/libfabric/lib/prov/libverbs-fi.so</arg>
  <arg>0x7f80be2de000</arg>
  <arg>0x7f80be52de57</arg>
  <arg>24</arg>
  <severity>INFO</severity>
  <timestamp>Wed Nov 25 09:05:04 2020</timestamp>
</msg>
<msg id="35" tool="tc">
  <type>LOAD_MODULE</type>
  <arg>/usr/lib/x86_64-linux-gnu/librdmacm.so.1</arg>
  <arg>0x7f80beabb000</arg>
  <arg>0x7f80bead91a7</arg>
  <arg>25</arg>
  <severity>INFO</severity>
  <timestamp>Wed Nov 25 09:05:04 2020</timestamp>
</msg>
<msg id="36" tool="tc">
  <type>LOAD_MODULE</type>
  <arg>/usr/lib/x86_64-linux-gnu/libibverbs.so.1</arg>
  <arg>0x7f80bea9c000</arg>
  <arg>0x7f80beaba31f</arg>
  <arg>26</arg>
  <severity>INFO</severity>
  <timestamp>Wed Nov 25 09:05:04 2020</timestamp>
</msg>
<msg id="37" tool="tc">
  <type>LOAD_MODULE</type>
  <arg>/lib/x86_64-linux-gnu/libnl-3.so.200</arg>
  <arg>0x7f80bea79000</arg>
  <arg>0x7f80bea9b44f</arg>
  <arg>27</arg>
  <severity>INFO</severity>
  <timestamp>Wed Nov 25 09:05:04 2020</timestamp>
</msg>
<msg id="38" tool="tc">
  <type>LOAD_MODULE</type>
  <arg>/usr/lib/x86_64-linux-gnu/libnl-route-3.so.200</arg>
  <arg>0x7f80bea01000</arg>
  <arg>0x7f80bea7843f</arg>
  <arg>28</arg>
  <severity>INFO</severity>
  <timestamp>Wed Nov 25 09:05:04 2020</timestamp>
</msg>
<msg id="39" tool="tc">
  <type>UNLOAD_MODULE</type>
  <arg>/opt/intel/compilers_and_libraries_2020.4.304/linux/mpi/intel64/libfabric/lib/prov/libverbs-fi.so</arg>
  <arg>24</arg>
  <severity>INFO</severity>
  <timestamp>Wed Nov 25 09:05:04 2020</timestamp>
</msg>
<msg id="40" tool="tc">
  <type>UNLOAD_MODULE</type>
  <arg>/usr/lib/x86_64-linux-gnu/librdmacm.so.1</arg>
  <arg>25</arg>
  <severity>INFO</severity>
  <timestamp>Wed Nov 25 09:05:04 2020</timestamp>
</msg>
<msg id="41" tool="tc">
  <type>UNLOAD_MODULE</type>
  <arg>/usr/lib/x86_64-linux-gnu/libibverbs.so.1</arg>
  <arg>26</arg>
  <severity>INFO</severity>
  <timestamp>Wed Nov 25 09:05:04 2020</timestamp>
</msg>
<msg id="42" tool="tc">
  <type>UNLOAD_MODULE</type>
  <arg>/usr/lib/x86_64-linux-gnu/libnl-route-3.so.200</arg>
  <arg>28</arg>
  <severity>INFO</severity>
  <timestamp>Wed Nov 25 09:05:04 2020</timestamp>
</msg>
<msg id="43" tool="tc">
  <type>UNLOAD_MODULE</type>
  <arg>/lib/x86_64-linux-gnu/libnl-3.so.200</arg>
  <arg>27</arg>
  <severity>INFO</severity>
  <timestamp>Wed Nov 25 09:05:04 2020</timestamp>
</msg>
<msg id="44" tool="tc">
  <type>LOAD_MODULE</type>
  <arg>/opt/intel/compilers_and_libraries_2020.4.304/linux/mpi/intel64/libfabric/lib/prov/libtcp-fi.so</arg>
  <arg>0x7f80be2f1000</arg>
  <arg>0x7f80be52d6d7</arg>
  <arg>29</arg>
  <severity>INFO</severity>
  <timestamp>Wed Nov 25 09:05:04 2020</timestamp>
</msg>
<msg id="45" tool="tc">
  <type>LOAD_MODULE</type>
  <arg>/opt/intel/compilers_and_libraries_2020.4.304/linux/mpi/intel64/libfabric/lib/prov/libsockets-fi.so</arg>
  <arg>0x7f80bdf9f000</arg>
  <arg>0x7f80be1f3e57</arg>
  <arg>30</arg>
  <severity>INFO</severity>
  <timestamp>Wed Nov 25 09:05:04 2020</timestamp>
</msg>
<msg id="46" tool="tc">
  <type>LOAD_MODULE</type>
  <arg>/opt/intel/compilers_and_libraries_2020.4.304/linux/mpi/intel64/libfabric/lib/prov/libpsmx2-fi.so</arg>
  <arg>0x7f80bdcbe000</arg>
  <arg>0x7f80bdf36837</arg>
  <arg>31</arg>
  <severity>INFO</severity>
  <timestamp>Wed Nov 25 09:05:04 2020</timestamp>
</msg>
<msg id="47" tool="tc">
  <type>LOAD_MODULE</type>
  <arg>/usr/lib/x86_64-linux-gnu/libpsm2.so.2</arg>
  <arg>0x7f80bdc54000</arg>
  <arg>0x7f80bdcbd1ff</arg>
  <arg>32</arg>
  <severity>INFO</severity>
  <timestamp>Wed Nov 25 09:05:04 2020</timestamp>
</msg>
<msg id="48" tool="tc">
  <type>LOAD_MODULE</type>
  <arg>/opt/intel/compilers_and_libraries_2020.4.304/linux/mpi/intel64/libfabric/lib/prov/libshm-fi.so</arg>
  <arg>0x7f80bd888000</arg>
  <arg>0x7f80bdac6837</arg>
  <arg>33</arg>
  <severity>INFO</severity>
  <timestamp>Wed Nov 25 09:05:04 2020</timestamp>
</msg>
<msg id="49" tool="tc">
  <type>UNLOAD_MODULE</type>
  <arg>/opt/intel/compilers_and_libraries_2020.4.304/linux/mpi/intel64/libfabric/lib/prov/libpsmx2-fi.so</arg>
  <arg>31</arg>
  <severity>INFO</severity>
  <timestamp>Wed Nov 25 10:18:41 2020</timestamp>
</msg>
<msg id="50" tool="tc">
  <type>UNLOAD_MODULE</type>
  <arg>/usr/lib/x86_64-linux-gnu/libpsm2.so.2</arg>
  <arg>32</arg>
  <severity>INFO</severity>
  <timestamp>Wed Nov 25 10:18:41 2020</timestamp>
</msg>
<msg id="51" tool="tc">
  <type>UNLOAD_MODULE</type>
  <arg>/opt/intel/compilers_and_libraries_2020.4.304/linux/mpi/intel64/libfabric/lib/prov/librxm-fi.so</arg>
  <arg>18</arg>
  <severity>INFO</severity>
  <timestamp>Wed Nov 25 10:18:41 2020</timestamp>
</msg>
<msg id="52" tool="tc">
  <type>UNLOAD_MODULE</type>
  <arg>/opt/intel/compilers_and_libraries_2020.4.304/linux/mpi/intel64/libfabric/lib/prov/libtcp-fi.so</arg>
  <arg>29</arg>
  <severity>INFO</severity>
  <timestamp>Wed Nov 25 10:18:41 2020</timestamp>
</msg>
<msg id="53" tool="tc">
  <type>UNLOAD_MODULE</type>
  <arg>/opt/intel/compilers_and_libraries_2020.4.304/linux/mpi/intel64/libfabric/lib/prov/libsockets-fi.so</arg>
  <arg>30</arg>
  <severity>INFO</severity>
  <timestamp>Wed Nov 25 10:18:41 2020</timestamp>
</msg>
<msg id="54" tool="tc">
  <type>UNLOAD_MODULE</type>
  <arg>/opt/intel/compilers_and_libraries_2020.4.304/linux/mpi/intel64/libfabric/lib/prov/libshm-fi.so</arg>
  <arg>33</arg>
  <severity>INFO</severity>
  <timestamp>Wed Nov 25 10:18:41 2020</timestamp>
</msg>
<msg id="55" tool="tc">
  <type>UNLOAD_MODULE</type>
  <arg>/home/postgrad/dalel487/Code/su2hybridcode/production/su2hmc.exe</arg>
  <arg>1</arg>
  <severity>INFO</severity>
  <timestamp>Wed Nov 25 10:18:41 2020</timestamp>
</msg>
<msg id="56" tool="tc">
  <type>UNLOAD_MODULE</type>
  <arg>/lib64/ld-linux-x86-64.so.2</arg>
  <arg>2</arg>
  <severity>INFO</severity>
  <timestamp>Wed Nov 25 10:18:41 2020</timestamp>
</msg>
<msg id="57" tool="tc">
  <type>UNLOAD_MODULE</type>
  <arg>[vdso]</arg>
  <arg>3</arg>
  <severity>INFO</severity>
  <timestamp>Wed Nov 25 10:18:41 2020</timestamp>
</msg>
<msg id="58" tool="tc">
  <type>UNLOAD_MODULE</type>
  <arg>/opt/intel/compilers_and_libraries_2020.4.304/linux/mkl/lib/intel64_lin/libmkl_intel_lp64.so</arg>
  <arg>4</arg>
  <severity>INFO</severity>
  <timestamp>Wed Nov 25 10:18:41 2020</timestamp>
</msg>
<msg id="59" tool="tc">
  <type>UNLOAD_MODULE</type>
  <arg>/opt/intel/compilers_and_libraries_2020.4.304/linux/mkl/lib/intel64_lin/libmkl_intel_thread.so</arg>
  <arg>5</arg>
  <severity>INFO</severity>
  <timestamp>Wed Nov 25 10:18:41 2020</timestamp>
</msg>
<msg id="60" tool="tc">
  <type>UNLOAD_MODULE</type>
  <arg>/opt/intel/compilers_and_libraries_2020.4.304/linux/mkl/lib/intel64_lin/libmkl_core.so</arg>
  <arg>6</arg>
  <severity>INFO</severity>
  <timestamp>Wed Nov 25 10:18:41 2020</timestamp>
</msg>
<msg id="61" tool="tc">
  <type>UNLOAD_MODULE</type>
  <arg>/opt/intel/compilers_and_libraries_2020.4.304/linux/compiler/lib/intel64_lin/libiomp5.so</arg>
  <arg>7</arg>
  <severity>INFO</severity>
  <timestamp>Wed Nov 25 10:18:41 2020</timestamp>
</msg>
<msg id="62" tool="tc">
  <type>UNLOAD_MODULE</type>
  <arg>/opt/intel/compilers_and_libraries_2020.4.304/linux/mpi/intel64/lib/libmpifort.so.12</arg>
  <arg>8</arg>
  <severity>INFO</severity>
  <timestamp>Wed Nov 25 10:18:41 2020</timestamp>
</msg>
<msg id="63" tool="tc">
  <type>UNLOAD_MODULE</type>
  <arg>/opt/intel/compilers_and_libraries_2020.4.304/linux/mpi/intel64/lib/release/libmpi.so.12</arg>
  <arg>9</arg>
  <severity>INFO</severity>
  <timestamp>Wed Nov 25 10:18:41 2020</timestamp>
</msg>
<msg id="64" tool="tc">
  <type>UNLOAD_MODULE</type>
  <arg>/lib/x86_64-linux-gnu/libdl.so.2</arg>
  <arg>10</arg>
  <severity>INFO</severity>
  <timestamp>Wed Nov 25 10:18:41 2020</timestamp>
</msg>
<msg id="65" tool="tc">
  <type>UNLOAD_MODULE</type>
  <arg>/lib/x86_64-linux-gnu/librt.so.1</arg>
  <arg>11</arg>
  <severity>INFO</severity>
  <timestamp>Wed Nov 25 10:18:41 2020</timestamp>
</msg>
<msg id="66" tool="tc">
  <type>UNLOAD_MODULE</type>
  <arg>/lib/x86_64-linux-gnu/libpthread.so.0</arg>
  <arg>12</arg>
  <severity>INFO</severity>
  <timestamp>Wed Nov 25 10:18:41 2020</timestamp>
</msg>
<msg id="67" tool="tc">
  <type>UNLOAD_MODULE</type>
  <arg>/lib/x86_64-linux-gnu/libm.so.6</arg>
  <arg>13</arg>
  <severity>INFO</severity>
  <timestamp>Wed Nov 25 10:18:41 2020</timestamp>
</msg>
<msg id="68" tool="tc">
  <type>UNLOAD_MODULE</type>
  <arg>/lib/x86_64-linux-gnu/libc.so.6</arg>
  <arg>14</arg>
  <severity>INFO</severity>
  <timestamp>Wed Nov 25 10:18:41 2020</timestamp>
</msg>
<msg id="69" tool="tc">
  <type>UNLOAD_MODULE</type>
  <arg>/lib/x86_64-linux-gnu/libgcc_s.so.1</arg>
  <arg>15</arg>
  <severity>INFO</severity>
  <timestamp>Wed Nov 25 10:18:41 2020</timestamp>
</msg>
<msg id="70" tool="tc">
  <type>UNLOAD_MODULE</type>
  <arg>/opt/intel/compilers_and_libraries_2020.4.304/linux/mpi/intel64/libfabric/lib/libfabric.so.1</arg>
  <arg>16</arg>
  <severity>INFO</severity>
  <timestamp>Wed Nov 25 10:18:41 2020</timestamp>
</msg>
<msg id="71" tool="tc">
  <type>UNLOAD_MODULE</type>
  <arg>/usr/lib/x86_64-linux-gnu/libnuma.so</arg>
  <arg>17</arg>
  <severity>INFO</severity>
  <timestamp>Wed Nov 25 10:18:41 2020</timestamp>
</msg>
<msg id="72" tool="tc">
  <type>PROCESS_TERMINATE</type>
  <arg>/home/postgrad/dalel487/Code/su2hybridcode/production/su2hmc.exe</arg>
  <arg>42785</arg>
  <severity>INFO</severity>
  <timestamp>Wed Nov 25 10:18:41 2020</timestamp>
</msg>
<msg id="73" tool="tc">
  <type>NO_ANNOTATIONS</type>
  <severity>WARNING</severity>
  <timestamp>Wed Nov 25 10:18:41 2020</timestamp>
</msg>
<msg id="74" tool="tc">
  <type>ANALYSIS_COMPLETE</type>
  <severity>INFO</severity>
  <timestamp>Wed Nov 25 10:18:41 2020</timestamp>
</msg>
<msg id="75" tool="tc">
  <type>STOP</type>
  <severity>INFO</severity>
  <timestamp>Wed Nov 25 10:18:41 2020</timestamp>
</msg>
<msg id="76" tool="runtool">
  <type>app-exit-code</type>
  <arg>0</arg>
</msg>
<msg id="77" tool="runtool">
  <type>marker-file</type>
  <arg>/home/postgrad/dalel487/Code/su2hybridcode/production/rank.0/mp003/mp003.advixe</arg>
</msg>
<msg id="78" tool="runtool">
  <type>collector-done</type>
</msg>
<msg id="79" tool="runtool">
  <type>log-end</type>
  <arg>2020/11/25 10:18:51</arg>
</msg>

</log>

