Icon theme "elementary" not found.
Invalid Context= "Legacy" line for icon theme:  "/usr/share/icons/Adwaita/8x8/legacy/"
Invalid Context= "Legacy" line for icon theme:  "/usr/share/icons/Adwaita/16x16/legacy/"
Invalid Context= "UI" line for icon theme:  "/usr/share/icons/Adwaita/16x16/ui/"
Invalid Context= "Legacy" line for icon theme:  "/usr/share/icons/Adwaita/22x22/legacy/"
Invalid Context= "Legacy" line for icon theme:  "/usr/share/icons/Adwaita/24x24/legacy/"
Invalid Context= "UI" line for icon theme:  "/usr/share/icons/Adwaita/24x24/ui/"
Invalid Context= "Legacy" line for icon theme:  "/usr/share/icons/Adwaita/32x32/legacy/"
Invalid Context= "UI" line for icon theme:  "/usr/share/icons/Adwaita/32x32/ui/"
Invalid Context= "Legacy" line for icon theme:  "/usr/share/icons/Adwaita/48x48/legacy/"
Invalid Context= "UI" line for icon theme:  "/usr/share/icons/Adwaita/48x48/ui/"
Invalid Context= "Legacy" line for icon theme:  "/usr/share/icons/Adwaita/64x64/legacy/"
Invalid Context= "UI" line for icon theme:  "/usr/share/icons/Adwaita/64x64/ui/"
Invalid Context= "Legacy" line for icon theme:  "/usr/share/icons/Adwaita/96x96/legacy/"
Invalid Context= "UI" line for icon theme:  "/usr/share/icons/Adwaita/96x96/ui/"
Invalid Context= "Legacy" line for icon theme:  "/usr/share/icons/Adwaita/256x256/legacy/"
Invalid Context= "Legacy" line for icon theme:  "/usr/share/icons/Adwaita/512x512/legacy/"
Invalid Context= "Legacy" line for icon theme:  "/usr/share/icons/Adwaita/scalable/legacy/"
Invalid Context= "UI" line for icon theme:  "/usr/share/icons/Adwaita/scalable/ui/"
Icon theme "gnome" not found.
Icon theme "elementary" not found.
Invalid Context= "Legacy" line for icon theme:  "/usr/share/icons/Adwaita/8x8/legacy/"
Invalid Context= "Legacy" line for icon theme:  "/usr/share/icons/Adwaita/16x16/legacy/"
Invalid Context= "UI" line for icon theme:  "/usr/share/icons/Adwaita/16x16/ui/"
Invalid Context= "Legacy" line for icon theme:  "/usr/share/icons/Adwaita/22x22/legacy/"
Invalid Context= "Legacy" line for icon theme:  "/usr/share/icons/Adwaita/24x24/legacy/"
Invalid Context= "UI" line for icon theme:  "/usr/share/icons/Adwaita/24x24/ui/"
Invalid Context= "Legacy" line for icon theme:  "/usr/share/icons/Adwaita/32x32/legacy/"
Invalid Context= "UI" line for icon theme:  "/usr/share/icons/Adwaita/32x32/ui/"
Invalid Context= "Legacy" line for icon theme:  "/usr/share/icons/Adwaita/48x48/legacy/"
Invalid Context= "UI" line for icon theme:  "/usr/share/icons/Adwaita/48x48/ui/"
Invalid Context= "Legacy" line for icon theme:  "/usr/share/icons/Adwaita/64x64/legacy/"
Invalid Context= "UI" line for icon theme:  "/usr/share/icons/Adwaita/64x64/ui/"
Invalid Context= "Legacy" line for icon theme:  "/usr/share/icons/Adwaita/96x96/legacy/"
Invalid Context= "UI" line for icon theme:  "/usr/share/icons/Adwaita/96x96/ui/"
Invalid Context= "Legacy" line for icon theme:  "/usr/share/icons/Adwaita/256x256/legacy/"
Invalid Context= "Legacy" line for icon theme:  "/usr/share/icons/Adwaita/512x512/legacy/"
Invalid Context= "Legacy" line for icon theme:  "/usr/share/icons/Adwaita/scalable/legacy/"
Invalid Context= "UI" line for icon theme:  "/usr/share/icons/Adwaita/scalable/ui/"
Icon theme "gnome" not found.
Icon theme "elementary" not found.
Invalid Context= "Legacy" line for icon theme:  "/usr/share/icons/Adwaita/8x8/legacy/"
Invalid Context= "Legacy" line for icon theme:  "/usr/share/icons/Adwaita/16x16/legacy/"
Invalid Context= "UI" line for icon theme:  "/usr/share/icons/Adwaita/16x16/ui/"
Invalid Context= "Legacy" line for icon theme:  "/usr/share/icons/Adwaita/22x22/legacy/"
Invalid Context= "Legacy" line for icon theme:  "/usr/share/icons/Adwaita/24x24/legacy/"
Invalid Context= "UI" line for icon theme:  "/usr/share/icons/Adwaita/24x24/ui/"
Invalid Context= "Legacy" line for icon theme:  "/usr/share/icons/Adwaita/32x32/legacy/"
Invalid Context= "UI" line for icon theme:  "/usr/share/icons/Adwaita/32x32/ui/"
Invalid Context= "Legacy" line for icon theme:  "/usr/share/icons/Adwaita/48x48/legacy/"
Invalid Context= "UI" line for icon theme:  "/usr/share/icons/Adwaita/48x48/ui/"
Invalid Context= "Legacy" line for icon theme:  "/usr/share/icons/Adwaita/64x64/legacy/"
Invalid Context= "UI" line for icon theme:  "/usr/share/icons/Adwaita/64x64/ui/"
Invalid Context= "Legacy" line for icon theme:  "/usr/share/icons/Adwaita/96x96/legacy/"
Invalid Context= "UI" line for icon theme:  "/usr/share/icons/Adwaita/96x96/ui/"
Invalid Context= "Legacy" line for icon theme:  "/usr/share/icons/Adwaita/256x256/legacy/"
Invalid Context= "Legacy" line for icon theme:  "/usr/share/icons/Adwaita/512x512/legacy/"
Invalid Context= "Legacy" line for icon theme:  "/usr/share/icons/Adwaita/scalable/legacy/"
Invalid Context= "UI" line for icon theme:  "/usr/share/icons/Adwaita/scalable/ui/"
Icon theme "gnome" not found.
Icon theme "elementary" not found.
Invalid Context= "Legacy" line for icon theme:  "/usr/share/icons/Adwaita/8x8/legacy/"
Invalid Context= "Legacy" line for icon theme:  "/usr/share/icons/Adwaita/16x16/legacy/"
Invalid Context= "UI" line for icon theme:  "/usr/share/icons/Adwaita/16x16/ui/"
Invalid Context= "Legacy" line for icon theme:  "/usr/share/icons/Adwaita/22x22/legacy/"
Invalid Context= "Legacy" line for icon theme:  "/usr/share/icons/Adwaita/24x24/legacy/"
Invalid Context= "UI" line for icon theme:  "/usr/share/icons/Adwaita/24x24/ui/"
Invalid Context= "Legacy" line for icon theme:  "/usr/share/icons/Adwaita/32x32/legacy/"
Invalid Context= "UI" line for icon theme:  "/usr/share/icons/Adwaita/32x32/ui/"
Invalid Context= "Legacy" line for icon theme:  "/usr/share/icons/Adwaita/48x48/legacy/"
Invalid Context= "UI" line for icon theme:  "/usr/share/icons/Adwaita/48x48/ui/"
Invalid Context= "Legacy" line for icon theme:  "/usr/share/icons/Adwaita/64x64/legacy/"
Invalid Context= "UI" line for icon theme:  "/usr/share/icons/Adwaita/64x64/ui/"
Invalid Context= "Legacy" line for icon theme:  "/usr/share/icons/Adwaita/96x96/legacy/"
Invalid Context= "UI" line for icon theme:  "/usr/share/icons/Adwaita/96x96/ui/"
Invalid Context= "Legacy" line for icon theme:  "/usr/share/icons/Adwaita/256x256/legacy/"
Invalid Context= "Legacy" line for icon theme:  "/usr/share/icons/Adwaita/512x512/legacy/"
Invalid Context= "Legacy" line for icon theme:  "/usr/share/icons/Adwaita/scalable/legacy/"
Invalid Context= "UI" line for icon theme:  "/usr/share/icons/Adwaita/scalable/ui/"
Icon theme "gnome" not found.
qt.qpa.xcb: QXcbConnection: XCB error: 3 (BadWindow), sequence: 29444, resource id: 10689325, major code: 40 (TranslateCoords), minor code: 0
QFont::setPointSizeF: Point size <= 0 (0.000000), must be greater than 0
QFont::setPointSizeF: Point size <= 0 (0.000000), must be greater than 0
QFont::setPointSizeF: Point size <= 0 (0.000000), must be greater than 0
QFont::setPointSizeF: Point size <= 0 (0.000000), must be greater than 0
QFont::setPointSizeF: Point size <= 0 (0.000000), must be greater than 0
QFont::setPointSizeF: Point size <= 0 (0.000000), must be greater than 0
QFont::setPointSizeF: Point size <= 0 (0.000000), must be greater than 0
QFont::setPointSizeF: Point size <= 0 (0.000000), must be greater than 0
QFont::setPointSizeF: Point size <= 0 (0.000000), must be greater than 0
QFont::setPointSizeF: Point size <= 0 (0.000000), must be greater than 0
QFont::setPointSizeF: Point size <= 0 (0.000000), must be greater than 0
QFont::setPointSizeF: Point size <= 0 (0.000000), must be greater than 0
QFont::setPointSizeF: Point size <= 0 (0.000000), must be greater than 0
QFont::setPointSizeF: Point size <= 0 (0.000000), must be greater than 0
QFont::setPointSizeF: Point size <= 0 (0.000000), must be greater than 0
qt.qpa.xcb: QXcbConnection: XCB error: 3 (BadWindow), sequence: 30565, resource id: 10691577, major code: 40 (TranslateCoords), minor code: 0
QFont::setPointSizeF: Point size <= 0 (0.000000), must be greater than 0
Couldn't start kuiserver from org.kde.kuiserver.service: QDBusError("org.freedesktop.DBus.Error.ServiceUnknown", "The name org.kde.kuiserver was not provided by any .service files")
kdeinit5: preparing to launch '/usr/lib/x86_64-linux-gnu/libexec/kf5/klauncher'
kdeinit5: Launched KLauncher, pid = 38168, result = 0
Connecting to deprecated signal QDBusConnectionInterface::serviceOwnerChanged(QString,QString,QString)
kdeinit5: opened connection to :0.0
kdeinit5: Got EXEC_NEW '/usr/lib/x86_64-linux-gnu/qt5/plugins/kf5/kio/file.so' from launcher.
kdeinit5: preparing to launch '/usr/lib/x86_64-linux-gnu/qt5/plugins/kf5/kio/file.so'
kdeinit5: PID 38173 terminated.

** (evince:38237): WARNING **: 13:32:55.381: Unimplemented annotation: POPPLER_ANNOT_FREE_TEXT.  It is a known issue and it might be implemented in the future.

** (evince:38237): WARNING **: 13:32:55.381: Unimplemented annotation: POPPLER_ANNOT_FREE_TEXT.  It is a known issue and it might be implemented in the future.
The X11 connection broke (error 1). Did the X11 server die?
kdeinit5: Fatal IO error: client killed
klauncher: Exiting on signal 15
