<?xml version="1.0" encoding="utf-8"?>
<log version="1.0" tool="runtool">

<msg id="1" tool="runtool">
  <type>log-start</type>
  <arg>2020/11/24 20:08:48</arg>
</msg>
<msg id="2" tool="runtool">
  <type>bandwidth-measurement-starts</type>
</msg>
<msg id="3" tool="runtool">
  <type>bandwidth-measurement-done</type>
</msg>
<msg id="4" tool="runtool">
  <type>collector-starts</type>
</msg>
<msg id="5" tool="runtool">
  <type>marker-file</type>
  <arg>/home/postgrad/dalel487/Code/su2hybridcode/production/rank.0/trc000/trc000.advixe</arg>
</msg>
<msg id="6" tool="trc">
  <type>PROCESS_START</type>
  <arg>/home/postgrad/dalel487/Code/su2hybridcode/production/su2hmc.exe</arg>
  <arg>22511</arg>
  <severity>INFO</severity>
  <timestamp>Tue Nov 24 20:09:06 2020</timestamp>
</msg>
<msg id="7" tool="trc">
  <type>PROCESS_ANALYSIS_MODE</type>
  <arg>full</arg>
  <severity>INFO</severity>
  <timestamp>Tue Nov 24 20:09:07 2020</timestamp>
</msg>
<msg id="8" tool="trc">
  <type>LOAD_MODULE</type>
  <arg>/home/postgrad/dalel487/Code/su2hybridcode/production/su2hmc.exe</arg>
  <arg>0x400000</arg>
  <arg>0x6711c67</arg>
  <arg>yes</arg>
  <severity>INFO</severity>
  <timestamp>Tue Nov 24 20:09:08 2020</timestamp>
</msg>
<msg id="9" tool="trc">
  <type>LOAD_MODULE</type>
  <arg>/lib64/ld-linux-x86-64.so.2</arg>
  <arg>0x7f86f1148000</arg>
  <arg>0x7f86f117718f</arg>
  <arg>no</arg>
  <severity>INFO</severity>
  <timestamp>Tue Nov 24 20:09:11 2020</timestamp>
</msg>
<msg id="10" tool="trc">
  <type>LOAD_MODULE</type>
  <arg>[vdso]</arg>
  <arg>0x7ffee7f9b000</arg>
  <arg>0x7ffee7f9ba3b</arg>
  <arg>no</arg>
  <severity>INFO</severity>
  <timestamp>Tue Nov 24 20:09:11 2020</timestamp>
</msg>
<msg id="11" tool="trc">
  <type>LOAD_MODULE</type>
  <arg>/opt/intel/compilers_and_libraries_2020.4.304/linux/mkl/lib/intel64_lin/libmkl_intel_lp64.so</arg>
  <arg>0x7f86d7ede000</arg>
  <arg>0x7f86d8bfdc7f</arg>
  <arg>yes</arg>
  <severity>INFO</severity>
  <timestamp>Tue Nov 24 20:09:11 2020</timestamp>
</msg>
<msg id="12" tool="trc">
  <type>LOAD_MODULE</type>
  <arg>/opt/intel/compilers_and_libraries_2020.4.304/linux/mkl/lib/intel64_lin/libmkl_intel_thread.so</arg>
  <arg>0x7f86d45c3000</arg>
  <arg>0x7f86d7eada47</arg>
  <arg>yes</arg>
  <severity>INFO</severity>
  <timestamp>Tue Nov 24 20:09:12 2020</timestamp>
</msg>
<msg id="13" tool="trc">
  <type>LOAD_MODULE</type>
  <arg>/opt/intel/compilers_and_libraries_2020.4.304/linux/mkl/lib/intel64_lin/libmkl_core.so</arg>
  <arg>0x7f86cff6e000</arg>
  <arg>0x7f86d45ae9cf</arg>
  <arg>yes</arg>
  <severity>INFO</severity>
  <timestamp>Tue Nov 24 20:09:12 2020</timestamp>
</msg>
<msg id="14" tool="trc">
  <type>LOAD_MODULE</type>
  <arg>/opt/intel/compilers_and_libraries_2020.4.304/linux/compiler/lib/intel64_lin/libiomp5.so</arg>
  <arg>0x7f86cfb37000</arg>
  <arg>0x7f86cff3c1ff</arg>
  <arg>yes</arg>
  <severity>INFO</severity>
  <timestamp>Tue Nov 24 20:09:12 2020</timestamp>
</msg>
<msg id="15" tool="trc">
  <type>LOAD_MODULE</type>
  <arg>/opt/intel/compilers_and_libraries_2020.4.304/linux/mpi/intel64/lib/libmpifort.so.12</arg>
  <arg>0x7f86cf779000</arg>
  <arg>0x7f86cfb36817</arg>
  <arg>yes</arg>
  <severity>INFO</severity>
  <timestamp>Tue Nov 24 20:09:12 2020</timestamp>
</msg>
<msg id="16" tool="trc">
  <type>LOAD_MODULE</type>
  <arg>/opt/intel/compilers_and_libraries_2020.4.304/linux/mpi/intel64/lib/release/libmpi.so.12</arg>
  <arg>0x7f86ce419000</arg>
  <arg>0x7f86cf778217</arg>
  <arg>yes</arg>
  <severity>INFO</severity>
  <timestamp>Tue Nov 24 20:09:12 2020</timestamp>
</msg>
<msg id="17" tool="trc">
  <type>LOAD_MODULE</type>
  <arg>/lib/x86_64-linux-gnu/libdl.so.2</arg>
  <arg>0x7f86ce3db000</arg>
  <arg>0x7f86ce3e010f</arg>
  <arg>no</arg>
  <severity>INFO</severity>
  <timestamp>Tue Nov 24 20:09:49 2020</timestamp>
</msg>
<msg id="18" tool="trc">
  <type>LOAD_MODULE</type>
  <arg>/lib/x86_64-linux-gnu/librt.so.1</arg>
  <arg>0x7f86ce3c9000</arg>
  <arg>0x7f86ce3d3bdf</arg>
  <arg>no</arg>
  <severity>INFO</severity>
  <timestamp>Tue Nov 24 20:09:49 2020</timestamp>
</msg>
<msg id="19" tool="trc">
  <type>LOAD_MODULE</type>
  <arg>/lib/x86_64-linux-gnu/libpthread.so.0</arg>
  <arg>0x7f86ce3a6000</arg>
  <arg>0x7f86ce3c8477</arg>
  <arg>yes</arg>
  <severity>INFO</severity>
  <timestamp>Tue Nov 24 20:09:49 2020</timestamp>
</msg>
<msg id="20" tool="trc">
  <type>LOAD_MODULE</type>
  <arg>/lib/x86_64-linux-gnu/libm.so.6</arg>
  <arg>0x7f86ce257000</arg>
  <arg>0x7f86ce3a510f</arg>
  <arg>no</arg>
  <severity>INFO</severity>
  <timestamp>Tue Nov 24 20:09:49 2020</timestamp>
</msg>
<msg id="21" tool="trc">
  <type>LOAD_MODULE</type>
  <arg>/lib/x86_64-linux-gnu/libc.so.6</arg>
  <arg>0x7f86ce065000</arg>
  <arg>0x7f86ce2564d7</arg>
  <arg>no</arg>
  <severity>INFO</severity>
  <timestamp>Tue Nov 24 20:09:49 2020</timestamp>
</msg>
<msg id="22" tool="trc">
  <type>LOAD_MODULE</type>
  <arg>/lib/x86_64-linux-gnu/libgcc_s.so.1</arg>
  <arg>0x7f86ce04a000</arg>
  <arg>0x7f86ce064447</arg>
  <arg>no</arg>
  <severity>INFO</severity>
  <timestamp>Tue Nov 24 20:09:52 2020</timestamp>
</msg>
<msg id="23" tool="trc">
  <type>LOAD_MODULE</type>
  <arg>/opt/intel/compilers_and_libraries_2020.4.304/linux/mpi/intel64/libfabric/lib/libfabric.so.1</arg>
  <arg>0x7f86cddf4000</arg>
  <arg>0x7f86ce035777</arg>
  <arg>yes</arg>
  <severity>INFO</severity>
  <timestamp>Tue Nov 24 20:09:52 2020</timestamp>
</msg>
<msg id="24" tool="trc">
  <type>LOAD_MODULE</type>
  <arg>/usr/lib/x86_64-linux-gnu/libnuma.so</arg>
  <arg>0x7f86c7dfa000</arg>
  <arg>0x7f86c7e0679f</arg>
  <arg>no</arg>
  <severity>INFO</severity>
  <timestamp>Tue Nov 24 20:09:54 2020</timestamp>
</msg>
<msg id="25" tool="trc">
  <type>LOAD_MODULE</type>
  <arg>/opt/intel/compilers_and_libraries_2020.4.304/linux/mpi/intel64/libfabric/lib/prov/librxm-fi.so</arg>
  <arg>0x7f86c2b91000</arg>
  <arg>0x7f86c2ddeb57</arg>
  <arg>yes</arg>
  <severity>INFO</severity>
  <timestamp>Tue Nov 24 20:09:55 2020</timestamp>
</msg>
<msg id="26" tool="trc">
  <type>LOAD_MODULE</type>
  <arg>/opt/intel/compilers_and_libraries_2020.4.304/linux/mpi/intel64/libfabric/lib/prov/libefa-fi.so</arg>
  <arg>0x7f86c0ab4000</arg>
  <arg>0x7f86c0d0ee57</arg>
  <arg>yes</arg>
  <severity>INFO</severity>
  <timestamp>Tue Nov 24 20:09:56 2020</timestamp>
</msg>
<msg id="27" tool="trc">
  <type>LOAD_MODULE</type>
  <arg>/usr/lib/x86_64-linux-gnu/libefa.so.1</arg>
  <arg>0x7f86c8fb5000</arg>
  <arg>0x7f86c8fbe00f</arg>
  <arg>no</arg>
  <severity>INFO</severity>
  <timestamp>Tue Nov 24 20:09:56 2020</timestamp>
</msg>
<msg id="28" tool="trc">
  <type>LOAD_MODULE</type>
  <arg>/usr/lib/x86_64-linux-gnu/libibverbs.so.1</arg>
  <arg>0x7f86c8f8a000</arg>
  <arg>0x7f86c8fa831f</arg>
  <arg>no</arg>
  <severity>INFO</severity>
  <timestamp>Tue Nov 24 20:09:56 2020</timestamp>
</msg>
<msg id="29" tool="trc">
  <type>LOAD_MODULE</type>
  <arg>/usr/lib/x86_64-linux-gnu/libnl-route-3.so.200</arg>
  <arg>0x7f86c8f12000</arg>
  <arg>0x7f86c8f8943f</arg>
  <arg>no</arg>
  <severity>INFO</severity>
  <timestamp>Tue Nov 24 20:09:56 2020</timestamp>
</msg>
<msg id="30" tool="trc">
  <type>LOAD_MODULE</type>
  <arg>/lib/x86_64-linux-gnu/libnl-3.so.200</arg>
  <arg>0x7f86c8eef000</arg>
  <arg>0x7f86c8f1144f</arg>
  <arg>no</arg>
  <severity>INFO</severity>
  <timestamp>Tue Nov 24 20:09:56 2020</timestamp>
</msg>
<msg id="31" tool="trc">
  <type>UNLOAD_MODULE</type>
  <arg>/opt/intel/compilers_and_libraries_2020.4.304/linux/mpi/intel64/libfabric/lib/prov/libefa-fi.so</arg>
  <severity>INFO</severity>
  <timestamp>Tue Nov 24 20:09:56 2020</timestamp>
</msg>
<msg id="32" tool="trc">
  <type>UNLOAD_MODULE</type>
  <arg>/usr/lib/x86_64-linux-gnu/libefa.so.1</arg>
  <severity>INFO</severity>
  <timestamp>Tue Nov 24 20:09:56 2020</timestamp>
</msg>
<msg id="33" tool="trc">
  <type>UNLOAD_MODULE</type>
  <arg>/usr/lib/x86_64-linux-gnu/libibverbs.so.1</arg>
  <severity>INFO</severity>
  <timestamp>Tue Nov 24 20:09:56 2020</timestamp>
</msg>
<msg id="34" tool="trc">
  <type>UNLOAD_MODULE</type>
  <arg>/usr/lib/x86_64-linux-gnu/libnl-route-3.so.200</arg>
  <severity>INFO</severity>
  <timestamp>Tue Nov 24 20:09:56 2020</timestamp>
</msg>
<msg id="35" tool="trc">
  <type>UNLOAD_MODULE</type>
  <arg>/lib/x86_64-linux-gnu/libnl-3.so.200</arg>
  <severity>INFO</severity>
  <timestamp>Tue Nov 24 20:09:56 2020</timestamp>
</msg>
<msg id="36" tool="trc">
  <type>LOAD_MODULE</type>
  <arg>/opt/intel/compilers_and_libraries_2020.4.304/linux/mpi/intel64/libfabric/lib/prov/libverbs-fi.so</arg>
  <arg>0x7f86c0abf000</arg>
  <arg>0x7f86c0d0ee57</arg>
  <arg>yes</arg>
  <severity>INFO</severity>
  <timestamp>Tue Nov 24 20:09:56 2020</timestamp>
</msg>
<msg id="37" tool="trc">
  <type>LOAD_MODULE</type>
  <arg>/usr/lib/x86_64-linux-gnu/librdmacm.so.1</arg>
  <arg>0x7f86c8f2a000</arg>
  <arg>0x7f86c8f481a7</arg>
  <arg>no</arg>
  <severity>INFO</severity>
  <timestamp>Tue Nov 24 20:09:56 2020</timestamp>
</msg>
<msg id="38" tool="trc">
  <type>LOAD_MODULE</type>
  <arg>/usr/lib/x86_64-linux-gnu/libibverbs.so.1</arg>
  <arg>0x7f86c8f0b000</arg>
  <arg>0x7f86c8f2931f</arg>
  <arg>no</arg>
  <severity>INFO</severity>
  <timestamp>Tue Nov 24 20:09:56 2020</timestamp>
</msg>
<msg id="39" tool="trc">
  <type>LOAD_MODULE</type>
  <arg>/lib/x86_64-linux-gnu/libnl-3.so.200</arg>
  <arg>0x7f86c1250000</arg>
  <arg>0x7f86c127244f</arg>
  <arg>no</arg>
  <severity>INFO</severity>
  <timestamp>Tue Nov 24 20:09:56 2020</timestamp>
</msg>
<msg id="40" tool="trc">
  <type>LOAD_MODULE</type>
  <arg>/usr/lib/x86_64-linux-gnu/libnl-route-3.so.200</arg>
  <arg>0x7f86c11d8000</arg>
  <arg>0x7f86c124f43f</arg>
  <arg>no</arg>
  <severity>INFO</severity>
  <timestamp>Tue Nov 24 20:09:56 2020</timestamp>
</msg>
<msg id="41" tool="trc">
  <type>UNLOAD_MODULE</type>
  <arg>/opt/intel/compilers_and_libraries_2020.4.304/linux/mpi/intel64/libfabric/lib/prov/libverbs-fi.so</arg>
  <severity>INFO</severity>
  <timestamp>Tue Nov 24 20:09:56 2020</timestamp>
</msg>
<msg id="42" tool="trc">
  <type>UNLOAD_MODULE</type>
  <arg>/usr/lib/x86_64-linux-gnu/librdmacm.so.1</arg>
  <severity>INFO</severity>
  <timestamp>Tue Nov 24 20:09:56 2020</timestamp>
</msg>
<msg id="43" tool="trc">
  <type>UNLOAD_MODULE</type>
  <arg>/usr/lib/x86_64-linux-gnu/libibverbs.so.1</arg>
  <severity>INFO</severity>
  <timestamp>Tue Nov 24 20:09:56 2020</timestamp>
</msg>
<msg id="44" tool="trc">
  <type>UNLOAD_MODULE</type>
  <arg>/usr/lib/x86_64-linux-gnu/libnl-route-3.so.200</arg>
  <severity>INFO</severity>
  <timestamp>Tue Nov 24 20:09:56 2020</timestamp>
</msg>
<msg id="45" tool="trc">
  <type>UNLOAD_MODULE</type>
  <arg>/lib/x86_64-linux-gnu/libnl-3.so.200</arg>
  <severity>INFO</severity>
  <timestamp>Tue Nov 24 20:09:56 2020</timestamp>
</msg>
<msg id="46" tool="trc">
  <type>LOAD_MODULE</type>
  <arg>/opt/intel/compilers_and_libraries_2020.4.304/linux/mpi/intel64/libfabric/lib/prov/libtcp-fi.so</arg>
  <arg>0x7f86c0ad2000</arg>
  <arg>0x7f86c0d0e6d7</arg>
  <arg>yes</arg>
  <severity>INFO</severity>
  <timestamp>Tue Nov 24 20:09:56 2020</timestamp>
</msg>
<msg id="47" tool="trc">
  <type>LOAD_MODULE</type>
  <arg>/opt/intel/compilers_and_libraries_2020.4.304/linux/mpi/intel64/libfabric/lib/prov/libsockets-fi.so</arg>
  <arg>0x7f86c005d000</arg>
  <arg>0x7f86c02b1e57</arg>
  <arg>yes</arg>
  <severity>INFO</severity>
  <timestamp>Tue Nov 24 20:09:57 2020</timestamp>
</msg>
<msg id="48" tool="trc">
  <type>LOAD_MODULE</type>
  <arg>/opt/intel/compilers_and_libraries_2020.4.304/linux/mpi/intel64/libfabric/lib/prov/libpsmx2-fi.so</arg>
  <arg>0x7f86bfde4000</arg>
  <arg>0x7f86c005c837</arg>
  <arg>yes</arg>
  <severity>INFO</severity>
  <timestamp>Tue Nov 24 20:09:57 2020</timestamp>
</msg>
<msg id="49" tool="trc">
  <type>LOAD_MODULE</type>
  <arg>/usr/lib/x86_64-linux-gnu/libpsm2.so.2</arg>
  <arg>0x7f86c0816000</arg>
  <arg>0x7f86c087f1ff</arg>
  <arg>no</arg>
  <severity>INFO</severity>
  <timestamp>Tue Nov 24 20:09:57 2020</timestamp>
</msg>
<msg id="50" tool="trc">
  <type>LOAD_MODULE</type>
  <arg>/opt/intel/compilers_and_libraries_2020.4.304/linux/mpi/intel64/libfabric/lib/prov/libshm-fi.so</arg>
  <arg>0x7f86bfb12000</arg>
  <arg>0x7f86bfd50837</arg>
  <arg>yes</arg>
  <severity>INFO</severity>
  <timestamp>Tue Nov 24 20:09:57 2020</timestamp>
</msg>
<msg id="51" tool="trc">
  <type>UNLOAD_MODULE</type>
  <arg>/opt/intel/compilers_and_libraries_2020.4.304/linux/mpi/intel64/libfabric/lib/prov/libpsmx2-fi.so</arg>
  <severity>INFO</severity>
  <timestamp>Wed Nov 25 08:00:06 2020</timestamp>
</msg>
<msg id="52" tool="trc">
  <type>UNLOAD_MODULE</type>
  <arg>/usr/lib/x86_64-linux-gnu/libpsm2.so.2</arg>
  <severity>INFO</severity>
  <timestamp>Wed Nov 25 08:00:06 2020</timestamp>
</msg>
<msg id="53" tool="trc">
  <type>UNLOAD_MODULE</type>
  <arg>/opt/intel/compilers_and_libraries_2020.4.304/linux/mpi/intel64/libfabric/lib/prov/librxm-fi.so</arg>
  <severity>INFO</severity>
  <timestamp>Wed Nov 25 08:00:06 2020</timestamp>
</msg>
<msg id="54" tool="trc">
  <type>UNLOAD_MODULE</type>
  <arg>/opt/intel/compilers_and_libraries_2020.4.304/linux/mpi/intel64/libfabric/lib/prov/libtcp-fi.so</arg>
  <severity>INFO</severity>
  <timestamp>Wed Nov 25 08:00:06 2020</timestamp>
</msg>
<msg id="55" tool="trc">
  <type>UNLOAD_MODULE</type>
  <arg>/opt/intel/compilers_and_libraries_2020.4.304/linux/mpi/intel64/libfabric/lib/prov/libsockets-fi.so</arg>
  <severity>INFO</severity>
  <timestamp>Wed Nov 25 08:00:06 2020</timestamp>
</msg>
<msg id="56" tool="trc">
  <type>UNLOAD_MODULE</type>
  <arg>/opt/intel/compilers_and_libraries_2020.4.304/linux/mpi/intel64/libfabric/lib/prov/libshm-fi.so</arg>
  <severity>INFO</severity>
  <timestamp>Wed Nov 25 08:00:06 2020</timestamp>
</msg>
<msg id="57" tool="trc">
  <type>UNLOAD_MODULE</type>
  <arg>/home/postgrad/dalel487/Code/su2hybridcode/production/su2hmc.exe</arg>
  <severity>INFO</severity>
  <timestamp>Wed Nov 25 08:00:06 2020</timestamp>
</msg>
<msg id="58" tool="trc">
  <type>UNLOAD_MODULE</type>
  <arg>/lib64/ld-linux-x86-64.so.2</arg>
  <severity>INFO</severity>
  <timestamp>Wed Nov 25 08:00:06 2020</timestamp>
</msg>
<msg id="59" tool="trc">
  <type>UNLOAD_MODULE</type>
  <arg>[vdso]</arg>
  <severity>INFO</severity>
  <timestamp>Wed Nov 25 08:00:06 2020</timestamp>
</msg>
<msg id="60" tool="trc">
  <type>UNLOAD_MODULE</type>
  <arg>/opt/intel/compilers_and_libraries_2020.4.304/linux/mkl/lib/intel64_lin/libmkl_intel_lp64.so</arg>
  <severity>INFO</severity>
  <timestamp>Wed Nov 25 08:00:06 2020</timestamp>
</msg>
<msg id="61" tool="trc">
  <type>UNLOAD_MODULE</type>
  <arg>/opt/intel/compilers_and_libraries_2020.4.304/linux/mkl/lib/intel64_lin/libmkl_intel_thread.so</arg>
  <severity>INFO</severity>
  <timestamp>Wed Nov 25 08:00:06 2020</timestamp>
</msg>
<msg id="62" tool="trc">
  <type>UNLOAD_MODULE</type>
  <arg>/opt/intel/compilers_and_libraries_2020.4.304/linux/mkl/lib/intel64_lin/libmkl_core.so</arg>
  <severity>INFO</severity>
  <timestamp>Wed Nov 25 08:00:06 2020</timestamp>
</msg>
<msg id="63" tool="trc">
  <type>UNLOAD_MODULE</type>
  <arg>/opt/intel/compilers_and_libraries_2020.4.304/linux/compiler/lib/intel64_lin/libiomp5.so</arg>
  <severity>INFO</severity>
  <timestamp>Wed Nov 25 08:00:06 2020</timestamp>
</msg>
<msg id="64" tool="trc">
  <type>UNLOAD_MODULE</type>
  <arg>/opt/intel/compilers_and_libraries_2020.4.304/linux/mpi/intel64/lib/libmpifort.so.12</arg>
  <severity>INFO</severity>
  <timestamp>Wed Nov 25 08:00:06 2020</timestamp>
</msg>
<msg id="65" tool="trc">
  <type>UNLOAD_MODULE</type>
  <arg>/opt/intel/compilers_and_libraries_2020.4.304/linux/mpi/intel64/lib/release/libmpi.so.12</arg>
  <severity>INFO</severity>
  <timestamp>Wed Nov 25 08:00:06 2020</timestamp>
</msg>
<msg id="66" tool="trc">
  <type>UNLOAD_MODULE</type>
  <arg>/lib/x86_64-linux-gnu/libdl.so.2</arg>
  <severity>INFO</severity>
  <timestamp>Wed Nov 25 08:00:06 2020</timestamp>
</msg>
<msg id="67" tool="trc">
  <type>UNLOAD_MODULE</type>
  <arg>/lib/x86_64-linux-gnu/librt.so.1</arg>
  <severity>INFO</severity>
  <timestamp>Wed Nov 25 08:00:06 2020</timestamp>
</msg>
<msg id="68" tool="trc">
  <type>UNLOAD_MODULE</type>
  <arg>/lib/x86_64-linux-gnu/libpthread.so.0</arg>
  <severity>INFO</severity>
  <timestamp>Wed Nov 25 08:00:06 2020</timestamp>
</msg>
<msg id="69" tool="trc">
  <type>UNLOAD_MODULE</type>
  <arg>/lib/x86_64-linux-gnu/libm.so.6</arg>
  <severity>INFO</severity>
  <timestamp>Wed Nov 25 08:00:06 2020</timestamp>
</msg>
<msg id="70" tool="trc">
  <type>UNLOAD_MODULE</type>
  <arg>/lib/x86_64-linux-gnu/libc.so.6</arg>
  <severity>INFO</severity>
  <timestamp>Wed Nov 25 08:00:06 2020</timestamp>
</msg>
<msg id="71" tool="trc">
  <type>UNLOAD_MODULE</type>
  <arg>/lib/x86_64-linux-gnu/libgcc_s.so.1</arg>
  <severity>INFO</severity>
  <timestamp>Wed Nov 25 08:00:06 2020</timestamp>
</msg>
<msg id="72" tool="trc">
  <type>UNLOAD_MODULE</type>
  <arg>/opt/intel/compilers_and_libraries_2020.4.304/linux/mpi/intel64/libfabric/lib/libfabric.so.1</arg>
  <severity>INFO</severity>
  <timestamp>Wed Nov 25 08:00:06 2020</timestamp>
</msg>
<msg id="73" tool="trc">
  <type>UNLOAD_MODULE</type>
  <arg>/usr/lib/x86_64-linux-gnu/libnuma.so</arg>
  <severity>INFO</severity>
  <timestamp>Wed Nov 25 08:00:06 2020</timestamp>
</msg>
<msg id="74" tool="trc">
  <type>PROCESS_FINISH</type>
  <arg>/home/postgrad/dalel487/Code/su2hybridcode/production/su2hmc.exe</arg>
  <arg>22511</arg>
  <arg>0x0</arg>
  <severity>INFO</severity>
  <timestamp>Wed Nov 25 08:00:06 2020</timestamp>
</msg>
<msg id="75" tool="runtool">
  <type>app-exit-code</type>
  <arg>0</arg>
</msg>
<msg id="76" tool="runtool">
  <type>marker-file</type>
  <arg>/home/postgrad/dalel487/Code/su2hybridcode/production/rank.0/trc000/trc000.advixe</arg>
</msg>
<msg id="77" tool="runtool">
  <type>collector-done</type>
</msg>
<msg id="78" tool="runtool">
  <type>log-end</type>
  <arg>2020/11/25 08:00:12</arg>
</msg>

</log>

