<?xml version="1.0" encoding="utf-8" ?>
<!-- DO NOT EDIT THIS FILE -->

<log version='2.0' source='trc'>
	<msg id='1' display='false' source='trc'>
		<type>PROCESS_START</type>
		<severity>INFO</severity>
		<timestamp>Tue Nov 24 20:09:06 2020</timestamp>
		<arg name='process'>/home/postgrad/dalel487/Code/su2hybridcode/production/su2hmc.exe</arg>
		<arg name='pid'>22511</arg>
	</msg>
	<!-- Instrumentation filter's state:
    Patterns applicability:
        Generic loop pattern.....................: enabled
        Generic loop pattern (with dynamic jumps): enabled
        Known trip value loop pattern............: enabled
        Runtime final value loop pattern.........: enabled
        No initial IV loop pattern...............: enabled
        IV step only loop pattern................: enabled
        No entry loop pattern....................: enabled
    Clustered memory model (CMM) applicability:
        Generic loop pattern.....................: enabled
        Generic loop pattern (with dynamic jumps): enabled
        Known trip value loop pattern............: enabled
        Runtime final value loop pattern.........: enabled
        No initial IV loop pattern...............: enabled
        IV step only loop pattern................: enabled
        No entry loop pattern....................: disabled
 -->
	<!-- Callstack mode:
    filter modules.........: true
    filter routines........: true
    count loops............: true
    count flops............: true
    trace..................: false
    extended trace.........: false
    omp trace..............: false
    jit trace..............: false
    failures trace.........: false
    dump raw...............: false
    dump final.............: false
    dump all...............: false
    stack stitching........: true
    stl profiling..........: true
    aggressive frame switch: true
    unwind frame exit......: true
    analyze child loops....: true
 -->
	<!-- Managed application profiling: -->
	<!-- 	State...................: enabled -->
	<!-- Gpu Profiling: -->
	<!-- 	State: disabled -->
	<!-- Creating caches according to description: 8:32k:8w/1024k:16w/1:16896k:11w -->
	<!-- Created cache simulator with the following features: set locker, random set sampler, generic random set mapper, bb attribution, default tag, empty feature with size 17301504 and associativity 11 -->
	<!-- Created cache simulator with the following features: empty feature, random set sampler, fast random set mapper, bb attribution, default tag, empty feature with size 1048576 and associativity 16 -->
	<!-- Created cache simulator with the following features: empty feature, random set sampler, fast random set mapper, bb attribution, default tag, empty feature with size 1048576 and associativity 16 -->
	<!-- Created cache simulator with the following features: empty feature, random set sampler, fast random set mapper, bb attribution, default tag, empty feature with size 1048576 and associativity 16 -->
	<!-- Created cache simulator with the following features: empty feature, random set sampler, fast random set mapper, bb attribution, default tag, empty feature with size 1048576 and associativity 16 -->
	<!-- Created cache simulator with the following features: empty feature, random set sampler, fast random set mapper, bb attribution, default tag, empty feature with size 1048576 and associativity 16 -->
	<!-- Created cache simulator with the following features: empty feature, random set sampler, fast random set mapper, bb attribution, default tag, empty feature with size 1048576 and associativity 16 -->
	<!-- Created cache simulator with the following features: empty feature, random set sampler, fast random set mapper, bb attribution, default tag, empty feature with size 1048576 and associativity 16 -->
	<!-- Created cache simulator with the following features: empty feature, random set sampler, fast random set mapper, bb attribution, default tag, empty feature with size 1048576 and associativity 16 -->
	<!-- Created cache simulator with the following features: empty feature, random set sampler, fast random set mapper, bb attribution, default tag, empty feature with size 32768 and associativity 8 -->
	<!-- Created cache simulator with the following features: empty feature, random set sampler, fast random set mapper, bb attribution, default tag, empty feature with size 32768 and associativity 8 -->
	<!-- Created cache simulator with the following features: empty feature, random set sampler, fast random set mapper, bb attribution, default tag, empty feature with size 32768 and associativity 8 -->
	<!-- Created cache simulator with the following features: empty feature, random set sampler, fast random set mapper, bb attribution, default tag, empty feature with size 32768 and associativity 8 -->
	<!-- Created cache simulator with the following features: empty feature, random set sampler, fast random set mapper, bb attribution, default tag, empty feature with size 32768 and associativity 8 -->
	<!-- Created cache simulator with the following features: empty feature, random set sampler, fast random set mapper, bb attribution, default tag, empty feature with size 32768 and associativity 8 -->
	<!-- Created cache simulator with the following features: empty feature, random set sampler, fast random set mapper, bb attribution, default tag, empty feature with size 32768 and associativity 8 -->
	<!-- Created cache simulator with the following features: empty feature, random set sampler, fast random set mapper, bb attribution, default tag, empty feature with size 32768 and associativity 8 -->
	<!-- Cache hierarchy created. Status=success -->
	<msg id='2' display='false' source='trc'>
		<type>PROCESS_ANALYSIS_MODE</type>
		<severity>INFO</severity>
		<timestamp>Tue Nov 24 20:09:07 2020</timestamp>
		<arg name='mode'>full</arg>
	</msg>
	<msg id='3' display='false' source='trc'>
		<type>LOAD_MODULE</type>
		<severity>INFO</severity>
		<timestamp>Tue Nov 24 20:09:08 2020</timestamp>
		<arg name='module'>/home/postgrad/dalel487/Code/su2hybridcode/production/su2hmc.exe</arg>
		<arg name='basement'>0x400000</arg>
		<arg name='ceiling'>0x6711c67</arg>
		<arg name='symtab'>yes</arg>
	</msg>
	<!-- Instrumenting image: id = 1, name = /home/postgrad/dalel487/Code/su2hybridcode/production/su2hmc.exe -->
	<!-- Instrumenting loops in routine "MAIN__" -->
	<!-- Instrumenting loops in routine "dslash_" -->
	<!-- Instrumenting loops in routine "dslashd_" -->
	<!-- Instrumenting loops in routine "reunitarise_" -->
	<!-- Instrumenting loops in routine "force_" -->
	<!-- Instrumenting loops in routine "hdslash_" -->
	<!-- Instrumenting loops in routine "congradq_" -->
	<!-- Instrumenting loops in routine "hamilton_" -->
	<!-- Instrumenting loops in routine "gauss0_" -->
	<!-- Instrumenting loops in routine "su2plaq_" -->
	<!-- Instrumenting loops in routine "par_begin_" -->
	<!-- Instrumenting loops in routine "par_swrite_" -->
	<!-- Instrumenting loops in routine "zhaloswapall_" -->
	<!-- Instrumenting loops in routine "zdnhaloswapall_" -->
	<!-- Instrumenting loops in routine "zdnhaloswapdir_" -->
	<!-- Instrumenting loops in routine "zuphaloswapdir_" -->
	<!-- Instrumenting loops in routine "cuphaloswapdir_" -->
	<!-- Instrumenting loops in routine "for__acquire_lun" -->
	<!-- Instrumenting loops in routine "for__release_lun" -->
	<!-- Instrumenting loops in routine "for__write_output" -->
	<!-- Instrumenting loops in routine "for__acquire_semaphore_threaded" -->
	<!-- Instrumenting loops in routine "for__resource_acquire" -->
	<!-- Instrumenting loops in routine "for__resource_release" -->
	<!-- Instrumenting loops in routine "for_write_seq" with dynamic jumps -->
	<!-- Instrumenting loops in routine "for_write_seq_xmit" with dynamic jumps -->
	<!-- Instrumenting loops in routine "write_UFSEQD_record_to_file" -->
	<!-- Instrumenting loops in routine "for_write_seq_lis" with dynamic jumps -->
	<!-- Instrumenting loops in routine "for_write_seq_lis_xmit" with dynamic jumps -->
	<!-- Instrumenting loops in routine "for__format_value" with dynamic jumps -->
	<!-- Instrumenting loops in routine "cvt_integer_to_text" -->
	<!-- Instrumenting loops in routine "cvt_ieee_t_to_text_ex" -->
	<!-- Instrumenting loops in routine "cvtas_t_to_a" -->
	<!-- Instrumenting loops in routine "__svml_sincos4_z0" -->
	<!-- Instrumenting loops in routine "__svml_csqrt4_z0" -->
	<!-- skipping routine "__intel_avx_rep_memcpy", reason cannot build control-flow graph (HasInvalidJumpTarget) -->
	<!-- skipping routine "__intel_skx_avx512_memcpy", reason cannot build control-flow graph (HasInvalidJumpTarget) -->
	<msg id='4' display='false' source='trc'>
		<type>LOAD_MODULE</type>
		<severity>INFO</severity>
		<timestamp>Tue Nov 24 20:09:11 2020</timestamp>
		<arg name='module'>/lib64/ld-linux-x86-64.so.2</arg>
		<arg name='basement'>0x7f86f1148000</arg>
		<arg name='ceiling'>0x7f86f117718f</arg>
		<arg name='symtab'>no</arg>
	</msg>
	<!-- Instrumentation of /lib64/ld-linux-x86-64.so.2 image skipped because of filter conditions. -->
	<msg id='5' display='false' source='trc'>
		<type>LOAD_MODULE</type>
		<severity>INFO</severity>
		<timestamp>Tue Nov 24 20:09:11 2020</timestamp>
		<arg name='module'>[vdso]</arg>
		<arg name='basement'>0x7ffee7f9b000</arg>
		<arg name='ceiling'>0x7ffee7f9ba3b</arg>
		<arg name='symtab'>no</arg>
	</msg>
	<!-- Instrumentation of [vdso] image skipped because of filter conditions [cs-mode]. -->
	<msg id='6' display='false' source='trc'>
		<type>LOAD_MODULE</type>
		<severity>INFO</severity>
		<timestamp>Tue Nov 24 20:09:11 2020</timestamp>
		<arg name='module'>/opt/intel/compilers_and_libraries_2020.4.304/linux/mkl/lib/intel64_lin/libmkl_intel_lp64.so</arg>
		<arg name='basement'>0x7f86d7ede000</arg>
		<arg name='ceiling'>0x7f86d8bfdc7f</arg>
		<arg name='symtab'>yes</arg>
	</msg>
	<!-- Instrumentation of /opt/intel/compilers_and_libraries_2020.4.304/linux/mkl/lib/intel64_lin/libmkl_intel_lp64.so image skipped because of filter conditions [cs-mode]. -->
	<msg id='7' display='false' source='trc'>
		<type>LOAD_MODULE</type>
		<severity>INFO</severity>
		<timestamp>Tue Nov 24 20:09:12 2020</timestamp>
		<arg name='module'>/opt/intel/compilers_and_libraries_2020.4.304/linux/mkl/lib/intel64_lin/libmkl_intel_thread.so</arg>
		<arg name='basement'>0x7f86d45c3000</arg>
		<arg name='ceiling'>0x7f86d7eada47</arg>
		<arg name='symtab'>yes</arg>
	</msg>
	<!-- Instrumentation of /opt/intel/compilers_and_libraries_2020.4.304/linux/mkl/lib/intel64_lin/libmkl_intel_thread.so image skipped because of filter conditions [cs-mode]. -->
	<msg id='8' display='false' source='trc'>
		<type>LOAD_MODULE</type>
		<severity>INFO</severity>
		<timestamp>Tue Nov 24 20:09:12 2020</timestamp>
		<arg name='module'>/opt/intel/compilers_and_libraries_2020.4.304/linux/mkl/lib/intel64_lin/libmkl_core.so</arg>
		<arg name='basement'>0x7f86cff6e000</arg>
		<arg name='ceiling'>0x7f86d45ae9cf</arg>
		<arg name='symtab'>yes</arg>
	</msg>
	<!-- Instrumentation of /opt/intel/compilers_and_libraries_2020.4.304/linux/mkl/lib/intel64_lin/libmkl_core.so image skipped because of filter conditions [cs-mode]. -->
	<msg id='9' display='false' source='trc'>
		<type>LOAD_MODULE</type>
		<severity>INFO</severity>
		<timestamp>Tue Nov 24 20:09:12 2020</timestamp>
		<arg name='module'>/opt/intel/compilers_and_libraries_2020.4.304/linux/compiler/lib/intel64_lin/libiomp5.so</arg>
		<arg name='basement'>0x7f86cfb37000</arg>
		<arg name='ceiling'>0x7f86cff3c1ff</arg>
		<arg name='symtab'>yes</arg>
	</msg>
	<!-- Instrumentation of /opt/intel/compilers_and_libraries_2020.4.304/linux/compiler/lib/intel64_lin/libiomp5.so image skipped because of filter conditions [cs-mode]. -->
	<msg id='10' display='false' source='trc'>
		<type>LOAD_MODULE</type>
		<severity>INFO</severity>
		<timestamp>Tue Nov 24 20:09:12 2020</timestamp>
		<arg name='module'>/opt/intel/compilers_and_libraries_2020.4.304/linux/mpi/intel64/lib/libmpifort.so.12</arg>
		<arg name='basement'>0x7f86cf779000</arg>
		<arg name='ceiling'>0x7f86cfb36817</arg>
		<arg name='symtab'>yes</arg>
	</msg>
	<!-- Instrumentation of /opt/intel/compilers_and_libraries_2020.4.304/linux/mpi/intel64/lib/libmpifort.so.12 image skipped because of filter conditions [cs-mode]. -->
	<msg id='11' display='false' source='trc'>
		<type>LOAD_MODULE</type>
		<severity>INFO</severity>
		<timestamp>Tue Nov 24 20:09:12 2020</timestamp>
		<arg name='module'>/opt/intel/compilers_and_libraries_2020.4.304/linux/mpi/intel64/lib/release/libmpi.so.12</arg>
		<arg name='basement'>0x7f86ce419000</arg>
		<arg name='ceiling'>0x7f86cf778217</arg>
		<arg name='symtab'>yes</arg>
	</msg>
	<!-- Instrumentation of /opt/intel/compilers_and_libraries_2020.4.304/linux/mpi/intel64/lib/release/libmpi.so.12 image skipped because of filter conditions. -->
	<msg id='12' display='false' source='trc'>
		<type>LOAD_MODULE</type>
		<severity>INFO</severity>
		<timestamp>Tue Nov 24 20:09:49 2020</timestamp>
		<arg name='module'>/lib/x86_64-linux-gnu/libdl.so.2</arg>
		<arg name='basement'>0x7f86ce3db000</arg>
		<arg name='ceiling'>0x7f86ce3e010f</arg>
		<arg name='symtab'>no</arg>
	</msg>
	<!-- Instrumentation of /lib/x86_64-linux-gnu/libdl.so.2 image skipped because of filter conditions [cs-mode]. -->
	<msg id='13' display='false' source='trc'>
		<type>LOAD_MODULE</type>
		<severity>INFO</severity>
		<timestamp>Tue Nov 24 20:09:49 2020</timestamp>
		<arg name='module'>/lib/x86_64-linux-gnu/librt.so.1</arg>
		<arg name='basement'>0x7f86ce3c9000</arg>
		<arg name='ceiling'>0x7f86ce3d3bdf</arg>
		<arg name='symtab'>no</arg>
	</msg>
	<!-- Instrumentation of /lib/x86_64-linux-gnu/librt.so.1 image skipped because of filter conditions [cs-mode]. -->
	<msg id='14' display='false' source='trc'>
		<type>LOAD_MODULE</type>
		<severity>INFO</severity>
		<timestamp>Tue Nov 24 20:09:49 2020</timestamp>
		<arg name='module'>/lib/x86_64-linux-gnu/libpthread.so.0</arg>
		<arg name='basement'>0x7f86ce3a6000</arg>
		<arg name='ceiling'>0x7f86ce3c8477</arg>
		<arg name='symtab'>yes</arg>
	</msg>
	<!-- Instrumentation of /lib/x86_64-linux-gnu/libpthread.so.0 image skipped because of filter conditions. -->
	<msg id='15' display='false' source='trc'>
		<type>LOAD_MODULE</type>
		<severity>INFO</severity>
		<timestamp>Tue Nov 24 20:09:49 2020</timestamp>
		<arg name='module'>/lib/x86_64-linux-gnu/libm.so.6</arg>
		<arg name='basement'>0x7f86ce257000</arg>
		<arg name='ceiling'>0x7f86ce3a510f</arg>
		<arg name='symtab'>no</arg>
	</msg>
	<!-- Instrumentation of /lib/x86_64-linux-gnu/libm.so.6 image skipped because of filter conditions [cs-mode]. -->
	<msg id='16' display='false' source='trc'>
		<type>LOAD_MODULE</type>
		<severity>INFO</severity>
		<timestamp>Tue Nov 24 20:09:49 2020</timestamp>
		<arg name='module'>/lib/x86_64-linux-gnu/libc.so.6</arg>
		<arg name='basement'>0x7f86ce065000</arg>
		<arg name='ceiling'>0x7f86ce2564d7</arg>
		<arg name='symtab'>no</arg>
	</msg>
	<!-- Instrumentation of /lib/x86_64-linux-gnu/libc.so.6 image skipped because of filter conditions. -->
	<msg id='17' display='false' source='trc'>
		<type>LOAD_MODULE</type>
		<severity>INFO</severity>
		<timestamp>Tue Nov 24 20:09:52 2020</timestamp>
		<arg name='module'>/lib/x86_64-linux-gnu/libgcc_s.so.1</arg>
		<arg name='basement'>0x7f86ce04a000</arg>
		<arg name='ceiling'>0x7f86ce064447</arg>
		<arg name='symtab'>no</arg>
	</msg>
	<!-- Instrumentation of /lib/x86_64-linux-gnu/libgcc_s.so.1 image skipped because of filter conditions [cs-mode]. -->
	<msg id='18' display='false' source='trc'>
		<type>LOAD_MODULE</type>
		<severity>INFO</severity>
		<timestamp>Tue Nov 24 20:09:52 2020</timestamp>
		<arg name='module'>/opt/intel/compilers_and_libraries_2020.4.304/linux/mpi/intel64/libfabric/lib/libfabric.so.1</arg>
		<arg name='basement'>0x7f86cddf4000</arg>
		<arg name='ceiling'>0x7f86ce035777</arg>
		<arg name='symtab'>yes</arg>
	</msg>
	<!-- Instrumenting image: id = 16, name = /opt/intel/compilers_and_libraries_2020.4.304/linux/mpi/intel64/libfabric/lib/libfabric.so.1 -->
	<!-- Instrumenting loops in routine "fi_ini" -->
	<!-- Instrumenting loops in routine "fi_getinfo" -->
	<msg id='19' display='false' source='trc'>
		<type>LOAD_MODULE</type>
		<severity>INFO</severity>
		<timestamp>Tue Nov 24 20:09:54 2020</timestamp>
		<arg name='module'>/usr/lib/x86_64-linux-gnu/libnuma.so</arg>
		<arg name='basement'>0x7f86c7dfa000</arg>
		<arg name='ceiling'>0x7f86c7e0679f</arg>
		<arg name='symtab'>no</arg>
	</msg>
	<!-- Instrumentation of /usr/lib/x86_64-linux-gnu/libnuma.so image skipped because of filter conditions [cs-mode]. -->
	<msg id='20' display='false' source='trc'>
		<type>LOAD_MODULE</type>
		<severity>INFO</severity>
		<timestamp>Tue Nov 24 20:09:55 2020</timestamp>
		<arg name='module'>/opt/intel/compilers_and_libraries_2020.4.304/linux/mpi/intel64/libfabric/lib/prov/librxm-fi.so</arg>
		<arg name='basement'>0x7f86c2b91000</arg>
		<arg name='ceiling'>0x7f86c2ddeb57</arg>
		<arg name='symtab'>yes</arg>
	</msg>
	<!-- Instrumenting image: id = 18, name = /opt/intel/compilers_and_libraries_2020.4.304/linux/mpi/intel64/libfabric/lib/prov/librxm-fi.so -->
	<!-- Instrumenting loops in routine "rxm_getinfo" -->
	<!-- Instrumenting loops in routine "rxm_msg_eq_progress" -->
	<!-- Instrumenting loops in routine "rxm_ep_do_progress" -->
	<!-- Instrumenting loops in routine "ofix_getinfo" -->
	<!-- Instrumenting loops in routine "ofi_cq_progress" with dynamic jumps -->
	<!-- Instrumenting loops in routine "ofi_cq_readfrom" -->
	<msg id='21' display='false' source='trc'>
		<type>LOAD_MODULE</type>
		<severity>INFO</severity>
		<timestamp>Tue Nov 24 20:09:56 2020</timestamp>
		<arg name='module'>/opt/intel/compilers_and_libraries_2020.4.304/linux/mpi/intel64/libfabric/lib/prov/libefa-fi.so</arg>
		<arg name='basement'>0x7f86c0ab4000</arg>
		<arg name='ceiling'>0x7f86c0d0ee57</arg>
		<arg name='symtab'>yes</arg>
	</msg>
	<!-- Instrumentation of /opt/intel/compilers_and_libraries_2020.4.304/linux/mpi/intel64/libfabric/lib/prov/libefa-fi.so image skipped because of filter conditions [cs-mode]. -->
	<msg id='22' display='false' source='trc'>
		<type>LOAD_MODULE</type>
		<severity>INFO</severity>
		<timestamp>Tue Nov 24 20:09:56 2020</timestamp>
		<arg name='module'>/usr/lib/x86_64-linux-gnu/libefa.so.1</arg>
		<arg name='basement'>0x7f86c8fb5000</arg>
		<arg name='ceiling'>0x7f86c8fbe00f</arg>
		<arg name='symtab'>no</arg>
	</msg>
	<!-- Instrumentation of /usr/lib/x86_64-linux-gnu/libefa.so.1 image skipped because of filter conditions [cs-mode]. -->
	<msg id='23' display='false' source='trc'>
		<type>LOAD_MODULE</type>
		<severity>INFO</severity>
		<timestamp>Tue Nov 24 20:09:56 2020</timestamp>
		<arg name='module'>/usr/lib/x86_64-linux-gnu/libibverbs.so.1</arg>
		<arg name='basement'>0x7f86c8f8a000</arg>
		<arg name='ceiling'>0x7f86c8fa831f</arg>
		<arg name='symtab'>no</arg>
	</msg>
	<!-- Instrumentation of /usr/lib/x86_64-linux-gnu/libibverbs.so.1 image skipped because of filter conditions [cs-mode]. -->
	<msg id='24' display='false' source='trc'>
		<type>LOAD_MODULE</type>
		<severity>INFO</severity>
		<timestamp>Tue Nov 24 20:09:56 2020</timestamp>
		<arg name='module'>/usr/lib/x86_64-linux-gnu/libnl-route-3.so.200</arg>
		<arg name='basement'>0x7f86c8f12000</arg>
		<arg name='ceiling'>0x7f86c8f8943f</arg>
		<arg name='symtab'>no</arg>
	</msg>
	<!-- Instrumentation of /usr/lib/x86_64-linux-gnu/libnl-route-3.so.200 image skipped because of filter conditions [cs-mode]. -->
	<msg id='25' display='false' source='trc'>
		<type>LOAD_MODULE</type>
		<severity>INFO</severity>
		<timestamp>Tue Nov 24 20:09:56 2020</timestamp>
		<arg name='module'>/lib/x86_64-linux-gnu/libnl-3.so.200</arg>
		<arg name='basement'>0x7f86c8eef000</arg>
		<arg name='ceiling'>0x7f86c8f1144f</arg>
		<arg name='symtab'>no</arg>
	</msg>
	<!-- Instrumentation of /lib/x86_64-linux-gnu/libnl-3.so.200 image skipped because of filter conditions [cs-mode]. -->
	<msg id='26' display='false' source='trc'>
		<type>UNLOAD_MODULE</type>
		<severity>INFO</severity>
		<timestamp>Tue Nov 24 20:09:56 2020</timestamp>
		<arg name='module'>/opt/intel/compilers_and_libraries_2020.4.304/linux/mpi/intel64/libfabric/lib/prov/libefa-fi.so</arg>
	</msg>
	<msg id='27' display='false' source='trc'>
		<type>UNLOAD_MODULE</type>
		<severity>INFO</severity>
		<timestamp>Tue Nov 24 20:09:56 2020</timestamp>
		<arg name='module'>/usr/lib/x86_64-linux-gnu/libefa.so.1</arg>
	</msg>
	<msg id='28' display='false' source='trc'>
		<type>UNLOAD_MODULE</type>
		<severity>INFO</severity>
		<timestamp>Tue Nov 24 20:09:56 2020</timestamp>
		<arg name='module'>/usr/lib/x86_64-linux-gnu/libibverbs.so.1</arg>
	</msg>
	<msg id='29' display='false' source='trc'>
		<type>UNLOAD_MODULE</type>
		<severity>INFO</severity>
		<timestamp>Tue Nov 24 20:09:56 2020</timestamp>
		<arg name='module'>/usr/lib/x86_64-linux-gnu/libnl-route-3.so.200</arg>
	</msg>
	<msg id='30' display='false' source='trc'>
		<type>UNLOAD_MODULE</type>
		<severity>INFO</severity>
		<timestamp>Tue Nov 24 20:09:56 2020</timestamp>
		<arg name='module'>/lib/x86_64-linux-gnu/libnl-3.so.200</arg>
	</msg>
	<msg id='31' display='false' source='trc'>
		<type>LOAD_MODULE</type>
		<severity>INFO</severity>
		<timestamp>Tue Nov 24 20:09:56 2020</timestamp>
		<arg name='module'>/opt/intel/compilers_and_libraries_2020.4.304/linux/mpi/intel64/libfabric/lib/prov/libverbs-fi.so</arg>
		<arg name='basement'>0x7f86c0abf000</arg>
		<arg name='ceiling'>0x7f86c0d0ee57</arg>
		<arg name='symtab'>yes</arg>
	</msg>
	<!-- Instrumentation of /opt/intel/compilers_and_libraries_2020.4.304/linux/mpi/intel64/libfabric/lib/prov/libverbs-fi.so image skipped because of filter conditions [cs-mode]. -->
	<msg id='32' display='false' source='trc'>
		<type>LOAD_MODULE</type>
		<severity>INFO</severity>
		<timestamp>Tue Nov 24 20:09:56 2020</timestamp>
		<arg name='module'>/usr/lib/x86_64-linux-gnu/librdmacm.so.1</arg>
		<arg name='basement'>0x7f86c8f2a000</arg>
		<arg name='ceiling'>0x7f86c8f481a7</arg>
		<arg name='symtab'>no</arg>
	</msg>
	<!-- Instrumentation of /usr/lib/x86_64-linux-gnu/librdmacm.so.1 image skipped because of filter conditions [cs-mode]. -->
	<msg id='33' display='false' source='trc'>
		<type>LOAD_MODULE</type>
		<severity>INFO</severity>
		<timestamp>Tue Nov 24 20:09:56 2020</timestamp>
		<arg name='module'>/usr/lib/x86_64-linux-gnu/libibverbs.so.1</arg>
		<arg name='basement'>0x7f86c8f0b000</arg>
		<arg name='ceiling'>0x7f86c8f2931f</arg>
		<arg name='symtab'>no</arg>
	</msg>
	<!-- Instrumentation of /usr/lib/x86_64-linux-gnu/libibverbs.so.1 image skipped because of filter conditions [cs-mode]. -->
	<msg id='34' display='false' source='trc'>
		<type>LOAD_MODULE</type>
		<severity>INFO</severity>
		<timestamp>Tue Nov 24 20:09:56 2020</timestamp>
		<arg name='module'>/lib/x86_64-linux-gnu/libnl-3.so.200</arg>
		<arg name='basement'>0x7f86c1250000</arg>
		<arg name='ceiling'>0x7f86c127244f</arg>
		<arg name='symtab'>no</arg>
	</msg>
	<!-- Instrumentation of /lib/x86_64-linux-gnu/libnl-3.so.200 image skipped because of filter conditions [cs-mode]. -->
	<msg id='35' display='false' source='trc'>
		<type>LOAD_MODULE</type>
		<severity>INFO</severity>
		<timestamp>Tue Nov 24 20:09:56 2020</timestamp>
		<arg name='module'>/usr/lib/x86_64-linux-gnu/libnl-route-3.so.200</arg>
		<arg name='basement'>0x7f86c11d8000</arg>
		<arg name='ceiling'>0x7f86c124f43f</arg>
		<arg name='symtab'>no</arg>
	</msg>
	<!-- Instrumentation of /usr/lib/x86_64-linux-gnu/libnl-route-3.so.200 image skipped because of filter conditions [cs-mode]. -->
	<msg id='36' display='false' source='trc'>
		<type>UNLOAD_MODULE</type>
		<severity>INFO</severity>
		<timestamp>Tue Nov 24 20:09:56 2020</timestamp>
		<arg name='module'>/opt/intel/compilers_and_libraries_2020.4.304/linux/mpi/intel64/libfabric/lib/prov/libverbs-fi.so</arg>
	</msg>
	<msg id='37' display='false' source='trc'>
		<type>UNLOAD_MODULE</type>
		<severity>INFO</severity>
		<timestamp>Tue Nov 24 20:09:56 2020</timestamp>
		<arg name='module'>/usr/lib/x86_64-linux-gnu/librdmacm.so.1</arg>
	</msg>
	<msg id='38' display='false' source='trc'>
		<type>UNLOAD_MODULE</type>
		<severity>INFO</severity>
		<timestamp>Tue Nov 24 20:09:56 2020</timestamp>
		<arg name='module'>/usr/lib/x86_64-linux-gnu/libibverbs.so.1</arg>
	</msg>
	<msg id='39' display='false' source='trc'>
		<type>UNLOAD_MODULE</type>
		<severity>INFO</severity>
		<timestamp>Tue Nov 24 20:09:56 2020</timestamp>
		<arg name='module'>/usr/lib/x86_64-linux-gnu/libnl-route-3.so.200</arg>
	</msg>
	<msg id='40' display='false' source='trc'>
		<type>UNLOAD_MODULE</type>
		<severity>INFO</severity>
		<timestamp>Tue Nov 24 20:09:56 2020</timestamp>
		<arg name='module'>/lib/x86_64-linux-gnu/libnl-3.so.200</arg>
	</msg>
	<msg id='41' display='false' source='trc'>
		<type>LOAD_MODULE</type>
		<severity>INFO</severity>
		<timestamp>Tue Nov 24 20:09:56 2020</timestamp>
		<arg name='module'>/opt/intel/compilers_and_libraries_2020.4.304/linux/mpi/intel64/libfabric/lib/prov/libtcp-fi.so</arg>
		<arg name='basement'>0x7f86c0ad2000</arg>
		<arg name='ceiling'>0x7f86c0d0e6d7</arg>
		<arg name='symtab'>yes</arg>
	</msg>
	<!-- Instrumenting image: id = 29, name = /opt/intel/compilers_and_libraries_2020.4.304/linux/mpi/intel64/libfabric/lib/prov/libtcp-fi.so -->
	<!-- Instrumenting loops in routine "ofi_epoll_wait" -->
	<!-- Instrumenting loops in routine "tcpx_conn_mgr_run" with dynamic jumps -->
	<!-- Instrumenting loops in routine "tcpx_cq_progress" -->
	<!-- Instrumenting loops in routine "ofi_getifaddrs" -->
	<!-- Instrumenting loops in routine "ofi_pollfds_wait" -->
	<!-- Instrumenting loops in routine "ofi_get_list_of_addr" -->
	<!-- Instrumenting loops in routine "ofi_cq_readfrom" -->
	<!-- Instrumenting loops in routine "ofi_ip_getinfo" -->
	<msg id='42' display='false' source='trc'>
		<type>LOAD_MODULE</type>
		<severity>INFO</severity>
		<timestamp>Tue Nov 24 20:09:57 2020</timestamp>
		<arg name='module'>/opt/intel/compilers_and_libraries_2020.4.304/linux/mpi/intel64/libfabric/lib/prov/libsockets-fi.so</arg>
		<arg name='basement'>0x7f86c005d000</arg>
		<arg name='ceiling'>0x7f86c02b1e57</arg>
		<arg name='symtab'>yes</arg>
	</msg>
	<!-- Instrumentation of /opt/intel/compilers_and_libraries_2020.4.304/linux/mpi/intel64/libfabric/lib/prov/libsockets-fi.so image skipped because of filter conditions [cs-mode]. -->
	<msg id='43' display='false' source='trc'>
		<type>LOAD_MODULE</type>
		<severity>INFO</severity>
		<timestamp>Tue Nov 24 20:09:57 2020</timestamp>
		<arg name='module'>/opt/intel/compilers_and_libraries_2020.4.304/linux/mpi/intel64/libfabric/lib/prov/libpsmx2-fi.so</arg>
		<arg name='basement'>0x7f86bfde4000</arg>
		<arg name='ceiling'>0x7f86c005c837</arg>
		<arg name='symtab'>yes</arg>
	</msg>
	<!-- Instrumentation of /opt/intel/compilers_and_libraries_2020.4.304/linux/mpi/intel64/libfabric/lib/prov/libpsmx2-fi.so image skipped because of filter conditions [cs-mode]. -->
	<msg id='44' display='false' source='trc'>
		<type>LOAD_MODULE</type>
		<severity>INFO</severity>
		<timestamp>Tue Nov 24 20:09:57 2020</timestamp>
		<arg name='module'>/usr/lib/x86_64-linux-gnu/libpsm2.so.2</arg>
		<arg name='basement'>0x7f86c0816000</arg>
		<arg name='ceiling'>0x7f86c087f1ff</arg>
		<arg name='symtab'>no</arg>
	</msg>
	<!-- Instrumentation of /usr/lib/x86_64-linux-gnu/libpsm2.so.2 image skipped because of filter conditions [cs-mode]. -->
	<msg id='45' display='false' source='trc'>
		<type>LOAD_MODULE</type>
		<severity>INFO</severity>
		<timestamp>Tue Nov 24 20:09:57 2020</timestamp>
		<arg name='module'>/opt/intel/compilers_and_libraries_2020.4.304/linux/mpi/intel64/libfabric/lib/prov/libshm-fi.so</arg>
		<arg name='basement'>0x7f86bfb12000</arg>
		<arg name='ceiling'>0x7f86bfd50837</arg>
		<arg name='symtab'>yes</arg>
	</msg>
	<!-- Instrumentation of /opt/intel/compilers_and_libraries_2020.4.304/linux/mpi/intel64/libfabric/lib/prov/libshm-fi.so image skipped because of filter conditions [cs-mode]. -->
	<msg id='46' display='false' source='trc'>
		<type>UNLOAD_MODULE</type>
		<severity>INFO</severity>
		<timestamp>Wed Nov 25 08:00:06 2020</timestamp>
		<arg name='module'>/opt/intel/compilers_and_libraries_2020.4.304/linux/mpi/intel64/libfabric/lib/prov/libpsmx2-fi.so</arg>
	</msg>
	<msg id='47' display='false' source='trc'>
		<type>UNLOAD_MODULE</type>
		<severity>INFO</severity>
		<timestamp>Wed Nov 25 08:00:06 2020</timestamp>
		<arg name='module'>/usr/lib/x86_64-linux-gnu/libpsm2.so.2</arg>
	</msg>
	<msg id='48' display='false' source='trc'>
		<type>UNLOAD_MODULE</type>
		<severity>INFO</severity>
		<timestamp>Wed Nov 25 08:00:06 2020</timestamp>
		<arg name='module'>/opt/intel/compilers_and_libraries_2020.4.304/linux/mpi/intel64/libfabric/lib/prov/librxm-fi.so</arg>
	</msg>
	<msg id='49' display='false' source='trc'>
		<type>UNLOAD_MODULE</type>
		<severity>INFO</severity>
		<timestamp>Wed Nov 25 08:00:06 2020</timestamp>
		<arg name='module'>/opt/intel/compilers_and_libraries_2020.4.304/linux/mpi/intel64/libfabric/lib/prov/libtcp-fi.so</arg>
	</msg>
	<msg id='50' display='false' source='trc'>
		<type>UNLOAD_MODULE</type>
		<severity>INFO</severity>
		<timestamp>Wed Nov 25 08:00:06 2020</timestamp>
		<arg name='module'>/opt/intel/compilers_and_libraries_2020.4.304/linux/mpi/intel64/libfabric/lib/prov/libsockets-fi.so</arg>
	</msg>
	<msg id='51' display='false' source='trc'>
		<type>UNLOAD_MODULE</type>
		<severity>INFO</severity>
		<timestamp>Wed Nov 25 08:00:06 2020</timestamp>
		<arg name='module'>/opt/intel/compilers_and_libraries_2020.4.304/linux/mpi/intel64/libfabric/lib/prov/libshm-fi.so</arg>
	</msg>
	<msg id='52' display='false' source='trc'>
		<type>UNLOAD_MODULE</type>
		<severity>INFO</severity>
		<timestamp>Wed Nov 25 08:00:06 2020</timestamp>
		<arg name='module'>/home/postgrad/dalel487/Code/su2hybridcode/production/su2hmc.exe</arg>
	</msg>
	<msg id='53' display='false' source='trc'>
		<type>UNLOAD_MODULE</type>
		<severity>INFO</severity>
		<timestamp>Wed Nov 25 08:00:06 2020</timestamp>
		<arg name='module'>/lib64/ld-linux-x86-64.so.2</arg>
	</msg>
	<msg id='54' display='false' source='trc'>
		<type>UNLOAD_MODULE</type>
		<severity>INFO</severity>
		<timestamp>Wed Nov 25 08:00:06 2020</timestamp>
		<arg name='module'>[vdso]</arg>
	</msg>
	<msg id='55' display='false' source='trc'>
		<type>UNLOAD_MODULE</type>
		<severity>INFO</severity>
		<timestamp>Wed Nov 25 08:00:06 2020</timestamp>
		<arg name='module'>/opt/intel/compilers_and_libraries_2020.4.304/linux/mkl/lib/intel64_lin/libmkl_intel_lp64.so</arg>
	</msg>
	<msg id='56' display='false' source='trc'>
		<type>UNLOAD_MODULE</type>
		<severity>INFO</severity>
		<timestamp>Wed Nov 25 08:00:06 2020</timestamp>
		<arg name='module'>/opt/intel/compilers_and_libraries_2020.4.304/linux/mkl/lib/intel64_lin/libmkl_intel_thread.so</arg>
	</msg>
	<msg id='57' display='false' source='trc'>
		<type>UNLOAD_MODULE</type>
		<severity>INFO</severity>
		<timestamp>Wed Nov 25 08:00:06 2020</timestamp>
		<arg name='module'>/opt/intel/compilers_and_libraries_2020.4.304/linux/mkl/lib/intel64_lin/libmkl_core.so</arg>
	</msg>
	<msg id='58' display='false' source='trc'>
		<type>UNLOAD_MODULE</type>
		<severity>INFO</severity>
		<timestamp>Wed Nov 25 08:00:06 2020</timestamp>
		<arg name='module'>/opt/intel/compilers_and_libraries_2020.4.304/linux/compiler/lib/intel64_lin/libiomp5.so</arg>
	</msg>
	<msg id='59' display='false' source='trc'>
		<type>UNLOAD_MODULE</type>
		<severity>INFO</severity>
		<timestamp>Wed Nov 25 08:00:06 2020</timestamp>
		<arg name='module'>/opt/intel/compilers_and_libraries_2020.4.304/linux/mpi/intel64/lib/libmpifort.so.12</arg>
	</msg>
	<msg id='60' display='false' source='trc'>
		<type>UNLOAD_MODULE</type>
		<severity>INFO</severity>
		<timestamp>Wed Nov 25 08:00:06 2020</timestamp>
		<arg name='module'>/opt/intel/compilers_and_libraries_2020.4.304/linux/mpi/intel64/lib/release/libmpi.so.12</arg>
	</msg>
	<msg id='61' display='false' source='trc'>
		<type>UNLOAD_MODULE</type>
		<severity>INFO</severity>
		<timestamp>Wed Nov 25 08:00:06 2020</timestamp>
		<arg name='module'>/lib/x86_64-linux-gnu/libdl.so.2</arg>
	</msg>
	<msg id='62' display='false' source='trc'>
		<type>UNLOAD_MODULE</type>
		<severity>INFO</severity>
		<timestamp>Wed Nov 25 08:00:06 2020</timestamp>
		<arg name='module'>/lib/x86_64-linux-gnu/librt.so.1</arg>
	</msg>
	<msg id='63' display='false' source='trc'>
		<type>UNLOAD_MODULE</type>
		<severity>INFO</severity>
		<timestamp>Wed Nov 25 08:00:06 2020</timestamp>
		<arg name='module'>/lib/x86_64-linux-gnu/libpthread.so.0</arg>
	</msg>
	<msg id='64' display='false' source='trc'>
		<type>UNLOAD_MODULE</type>
		<severity>INFO</severity>
		<timestamp>Wed Nov 25 08:00:06 2020</timestamp>
		<arg name='module'>/lib/x86_64-linux-gnu/libm.so.6</arg>
	</msg>
	<msg id='65' display='false' source='trc'>
		<type>UNLOAD_MODULE</type>
		<severity>INFO</severity>
		<timestamp>Wed Nov 25 08:00:06 2020</timestamp>
		<arg name='module'>/lib/x86_64-linux-gnu/libc.so.6</arg>
	</msg>
	<msg id='66' display='false' source='trc'>
		<type>UNLOAD_MODULE</type>
		<severity>INFO</severity>
		<timestamp>Wed Nov 25 08:00:06 2020</timestamp>
		<arg name='module'>/lib/x86_64-linux-gnu/libgcc_s.so.1</arg>
	</msg>
	<msg id='67' display='false' source='trc'>
		<type>UNLOAD_MODULE</type>
		<severity>INFO</severity>
		<timestamp>Wed Nov 25 08:00:06 2020</timestamp>
		<arg name='module'>/opt/intel/compilers_and_libraries_2020.4.304/linux/mpi/intel64/libfabric/lib/libfabric.so.1</arg>
	</msg>
	<msg id='68' display='false' source='trc'>
		<type>UNLOAD_MODULE</type>
		<severity>INFO</severity>
		<timestamp>Wed Nov 25 08:00:06 2020</timestamp>
		<arg name='module'>/usr/lib/x86_64-linux-gnu/libnuma.so</arg>
	</msg>
	<msg id='69' display='false' source='trc'>
		<type>PROCESS_FINISH</type>
		<severity>INFO</severity>
		<timestamp>Wed Nov 25 08:00:06 2020</timestamp>
		<arg name='process'>/home/postgrad/dalel487/Code/su2hybridcode/production/su2hmc.exe</arg>
		<arg name='pid'>22511</arg>
		<arg name='exitcode'>0x0</arg>
	</msg>
	<!-- Application exited with code 0 -->
</log>